2025-04-07 23:48:26,986 - INFO - auto backend detected CUDA
2025-04-07 23:48:26,986 - INFO - Failed to initialize distributed mode, running on single node.
Traceback (most recent call last):
  File "/home/alxmrs/Ocean_Emulator/src/ocean_emulators/backend.py", line 32, in init_train_backend
    dist_cfg = init_distributed_mode()
               ^^^^^^^^^^^^^^^^^^^^^^^
  File "/home/alxmrs/Ocean_Emulator/src/ocean_emulators/utils/distributed.py", line 99, in init_distributed_mode
    raise RuntimeError(
RuntimeError: Distributed mode requires SLURM or RANK environment variables; did you mean to use `torchrun`?
2025-04-07 23:48:27,020 - INFO - Prognostic variables: uo_0, uo_1, uo_2, uo_3, uo_4, uo_5, uo_6, uo_7, uo_8, uo_9, uo_10, uo_11, uo_12, uo_13, uo_14, uo_15, uo_16, uo_17, uo_18, vo_0, vo_1, vo_2, vo_3, vo_4, vo_5, vo_6, vo_7, vo_8, vo_9, vo_10, vo_11, vo_12, vo_13, vo_14, vo_15, vo_16, vo_17, vo_18, thetao_0, thetao_1, thetao_2, thetao_3, thetao_4, thetao_5, thetao_6, thetao_7, thetao_8, thetao_9, thetao_10, thetao_11, thetao_12, thetao_13, thetao_14, thetao_15, thetao_16, thetao_17, thetao_18, so_0, so_1, so_2, so_3, so_4, so_5, so_6, so_7, so_8, so_9, so_10, so_11, so_12, so_13, so_14, so_15, so_16, so_17, so_18, zos
2025-04-07 23:48:27,020 - INFO - Boundary variables: tauuo, tauvo, hfds, hfds_anomalies
2025-04-07 23:48:27,020 - INFO - Levels: 19
2025-04-07 23:48:27,025 - INFO - Number of inputs (prognostic + boundary): 158
2025-04-07 23:48:27,025 - INFO - Number of outputs (prognostic): 154
2025-04-07 23:48:27,025 - INFO - Loading data
2025-04-07 23:48:27,664 - INFO - areacello does not have any default metadata
2025-04-07 23:48:27,664 - INFO - dz does not have any default metadata
2025-04-07 23:48:27,664 - INFO - lev does not have any default metadata
2025-04-07 23:48:27,664 - INFO - ocean_fraction does not have any default metadata
2025-04-07 23:48:27,665 - INFO - time does not have any default metadata
2025-04-07 23:48:27,666 - INFO - mask_0 does not have any default metadata
2025-04-07 23:48:27,667 - INFO - mask_1 does not have any default metadata
2025-04-07 23:48:27,667 - INFO - mask_2 does not have any default metadata
2025-04-07 23:48:27,667 - INFO - mask_3 does not have any default metadata
2025-04-07 23:48:27,667 - INFO - mask_4 does not have any default metadata
2025-04-07 23:48:27,667 - INFO - mask_5 does not have any default metadata
2025-04-07 23:48:27,667 - INFO - mask_6 does not have any default metadata
2025-04-07 23:48:27,667 - INFO - mask_7 does not have any default metadata
2025-04-07 23:48:27,667 - INFO - mask_8 does not have any default metadata
2025-04-07 23:48:27,667 - INFO - mask_9 does not have any default metadata
2025-04-07 23:48:27,667 - INFO - mask_10 does not have any default metadata
2025-04-07 23:48:27,667 - INFO - mask_11 does not have any default metadata
2025-04-07 23:48:27,667 - INFO - mask_12 does not have any default metadata
2025-04-07 23:48:27,667 - INFO - mask_13 does not have any default metadata
2025-04-07 23:48:27,667 - INFO - mask_14 does not have any default metadata
2025-04-07 23:48:27,668 - INFO - mask_15 does not have any default metadata
2025-04-07 23:48:27,668 - INFO - mask_16 does not have any default metadata
2025-04-07 23:48:27,668 - INFO - mask_17 does not have any default metadata
2025-04-07 23:48:27,668 - INFO - mask_18 does not have any default metadata
2025-04-07 23:48:28,020 - INFO - Getting model Samudra
2025-04-07 23:48:28,020 - INFO - NOTE: Changing input channels to match data 157->158
2025-04-07 23:48:28,020 - INFO - NOTE: Changing output channels to match data 77->154
2025-04-07 23:48:29,111 - INFO - Number of parameters: 135142266
=================================================================
Layer (type:depth-idx)                   Param #
=================================================================
Samudra                                  --
├─ModuleList: 1-1                        --
│    └─ConvNeXtBlock: 2-1                --
│    │    └─Conv2d: 3-1                  31,800
│    │    └─Sequential: 3-2              4,623,912
│    └─AvgPool: 2-2                      --
│    │    └─AvgPool2d: 3-3               --
│    └─ConvNeXtBlock: 2-3                --
│    │    └─Conv2d: 3-4                  50,250
│    │    └─Sequential: 3-5              7,405,050
│    └─AvgPool: 2-4                      --
│    │    └─AvgPool2d: 3-6               --
│    └─ConvNeXtBlock: 2-5                --
│    │    └─Conv2d: 3-7                  75,300
│    │    └─Sequential: 3-8              11,556,300
│    └─AvgPool: 2-6                      --
│    │    └─AvgPool2d: 3-9               --
│    └─ConvNeXtBlock: 2-7                --
│    │    └─Conv2d: 3-10                 120,400
│    │    └─Sequential: 3-11             16,687,600
│    └─AvgPool: 2-8                      --
│    │    └─AvgPool2d: 3-12              --
│    └─ConvNeXtBlock: 2-9                --
│    │    └─Sequential: 3-13             29,450,000
│    └─BilinearUpsample: 2-10            --
│    │    └─Upsample: 3-14               --
│    └─ConvNeXtBlock: 2-11               --
│    │    └─Conv2d: 3-15                 120,300
│    │    └─Sequential: 3-16             29,289,900
│    └─BilinearUpsample: 2-12            --
│    │    └─Upsample: 3-17               --
│    └─ConvNeXtBlock: 2-13               --
│    │    └─Conv2d: 3-18                 75,250
│    │    └─Sequential: 3-19             16,507,450
│    └─BilinearUpsample: 2-14            --
│    │    └─Upsample: 3-20               --
│    └─ConvNeXtBlock: 2-15               --
│    │    └─Conv2d: 3-21                 50,200
│    │    └─Sequential: 3-22             11,456,200
│    └─BilinearUpsample: 2-16            --
│    │    └─Upsample: 3-23               --
│    └─ConvNeXtBlock: 2-17               --
│    │    └─Sequential: 3-24             7,365,000
│    └─Conv2d: 2-18                      277,354
├─Corrector: 1-2                         --
=================================================================
Total params: 135,142,266
Trainable params: 135,142,266
Non-trainable params: 0
=================================================================
2025-04-07 23:48:29,118 - INFO - =================================================================
Layer (type:depth-idx)                   Param #
=================================================================
Samudra                                  --
├─ModuleList: 1-1                        --
│    └─ConvNeXtBlock: 2-1                --
│    │    └─Conv2d: 3-1                  31,800
│    │    └─Sequential: 3-2              4,623,912
│    └─AvgPool: 2-2                      --
│    │    └─AvgPool2d: 3-3               --
│    └─ConvNeXtBlock: 2-3                --
│    │    └─Conv2d: 3-4                  50,250
│    │    └─Sequential: 3-5              7,405,050
│    └─AvgPool: 2-4                      --
│    │    └─AvgPool2d: 3-6               --
│    └─ConvNeXtBlock: 2-5                --
│    │    └─Conv2d: 3-7                  75,300
│    │    └─Sequential: 3-8              11,556,300
│    └─AvgPool: 2-6                      --
│    │    └─AvgPool2d: 3-9               --
│    └─ConvNeXtBlock: 2-7                --
│    │    └─Conv2d: 3-10                 120,400
│    │    └─Sequential: 3-11             16,687,600
│    └─AvgPool: 2-8                      --
│    │    └─AvgPool2d: 3-12              --
│    └─ConvNeXtBlock: 2-9                --
│    │    └─Sequential: 3-13             29,450,000
│    └─BilinearUpsample: 2-10            --
│    │    └─Upsample: 3-14               --
│    └─ConvNeXtBlock: 2-11               --
│    │    └─Conv2d: 3-15                 120,300
│    │    └─Sequential: 3-16             29,289,900
│    └─BilinearUpsample: 2-12            --
│    │    └─Upsample: 3-17               --
│    └─ConvNeXtBlock: 2-13               --
│    │    └─Conv2d: 3-18                 75,250
│    │    └─Sequential: 3-19             16,507,450
│    └─BilinearUpsample: 2-14            --
│    │    └─Upsample: 3-20               --
│    └─ConvNeXtBlock: 2-15               --
│    │    └─Conv2d: 3-21                 50,200
│    │    └─Sequential: 3-22             11,456,200
│    └─BilinearUpsample: 2-16            --
│    │    └─Upsample: 3-23               --
│    └─ConvNeXtBlock: 2-17               --
│    │    └─Sequential: 3-24             7,365,000
│    └─Conv2d: 2-18                      277,354
├─Corrector: 1-2                         --
=================================================================
Total params: 135,142,266
Trainable params: 135,142,266
Non-trainable params: 0
=================================================================
2025-04-07 23:48:29,120 - INFO - Using decomposed mse loss
2025-04-07 23:48:30,125 - INFO - Number of processes: 1, preferably use 8
2025-04-07 23:48:30,233 - INFO - Long rollout will use input at time 1975-01-03 12:00:00 and produce output at 1975-01-13 12:00:00
2025-04-07 23:48:30,243 - INFO - Starting training at step 4
2025-04-07 23:48:53,754 - INFO - Instantiating torch loaders
2025-04-07 23:49:12,081 - INFO - Training Epoch: [1]  [   0/2821]  eta: 14:21:34  lr: 0.000200  loss: 2.8905 (2.8905)  time: 18.325(18.325)  data: 11.232(11.232)  max cpu mem: 2418  max gpu mem: 32822
2025-04-07 23:49:12,744 - INFO - Training Epoch: [1]  [   1/2821]  eta: 7:26:12  lr: 0.000200  loss: 2.8905 (2.9701)  time: 0.662(0.662)  data: 0.000(0.000)  max cpu mem: 2723  max gpu mem: 32822
2025-04-07 23:49:13,403 - INFO - Training Epoch: [1]  [   2/2821]  eta: 5:07:40  lr: 0.000200  loss: 3.0496 (3.0541)  time: 0.658(0.658)  data: 0.000(0.000)  max cpu mem: 2727  max gpu mem: 32822
2025-04-07 23:49:14,061 - INFO - Training Epoch: [1]  [   3/2821]  eta: 3:58:23  lr: 0.000200  loss: 2.8905 (2.9409)  time: 0.657(0.657)  data: 0.000(0.000)  max cpu mem: 2727  max gpu mem: 32822
2025-04-07 23:49:18,228 - INFO - Training Epoch: [1]  [   4/2821]  eta: 3:49:45  lr: 0.000200  loss: 2.8905 (2.7814)  time: 4.166(4.166)  data: 3.488(3.488)  max cpu mem: 2728  max gpu mem: 32822
2025-04-07 23:49:18,885 - INFO - Training Epoch: [1]  [   5/2821]  eta: 3:16:32  lr: 0.000200  loss: 2.6012 (2.6008)  time: 0.656(0.656)  data: 0.000(0.000)  max cpu mem: 2728  max gpu mem: 32822
2025-04-07 23:49:19,544 - INFO - Training Epoch: [1]  [   6/2821]  eta: 2:52:48  lr: 0.000200  loss: 2.6012 (2.4417)  time: 0.658(0.658)  data: 0.000(0.000)  max cpu mem: 2728  max gpu mem: 32822
2025-04-07 23:49:20,205 - INFO - Training Epoch: [1]  [   7/2821]  eta: 2:35:01  lr: 0.000200  loss: 2.1436 (2.3067)  time: 0.659(0.659)  data: 0.000(0.000)  max cpu mem: 2728  max gpu mem: 32822
2025-04-07 23:49:27,689 - INFO - Training Epoch: [1]  [   8/2821]  eta: 2:56:43  lr: 0.000200  loss: 2.1436 (2.1858)  time: 7.483(7.483)  data: 6.810(6.810)  max cpu mem: 2728  max gpu mem: 32822
2025-04-07 23:49:28,345 - INFO - Training Epoch: [1]  [   9/2821]  eta: 2:42:04  lr: 0.000200  loss: 1.6977 (2.0875)  time: 0.655(0.655)  data: 0.000(0.000)  max cpu mem: 2729  max gpu mem: 32822
2025-04-07 23:49:29,011 - INFO - Training Epoch: [1]  [  10/2821]  eta: 2:30:07  lr: 0.000200  loss: 1.6977 (1.9958)  time: 0.665(0.665)  data: 0.000(0.000)  max cpu mem: 2729  max gpu mem: 32822
2025-04-07 23:49:29,668 - INFO - Training Epoch: [1]  [  11/2821]  eta: 2:20:07  lr: 0.000200  loss: 1.4869 (1.9122)  time: 0.656(0.656)  data: 0.000(0.000)  max cpu mem: 2729  max gpu mem: 32822
2025-04-07 23:49:39,942 - INFO - Training Epoch: [1]  [  12/2821]  eta: 2:46:17  lr: 0.000200  loss: 1.4869 (1.8379)  time: 10.274(10.274)  data: 9.592(9.592)  max cpu mem: 2729  max gpu mem: 32822
2025-04-07 23:49:40,600 - INFO - Training Epoch: [1]  [  13/2821]  eta: 2:36:33  lr: 0.000200  loss: 1.3618 (1.7666)  time: 0.657(0.657)  data: 0.000(0.000)  max cpu mem: 2729  max gpu mem: 32822
2025-04-07 23:49:41,256 - INFO - Training Epoch: [1]  [  14/2821]  eta: 2:28:06  lr: 0.000200  loss: 1.3618 (1.7034)  time: 0.655(0.655)  data: 0.000(0.000)  max cpu mem: 2729  max gpu mem: 32822
2025-04-07 23:49:41,915 - INFO - Training Epoch: [1]  [  15/2821]  eta: 2:20:43  lr: 0.000200  loss: 1.2185 (1.6453)  time: 0.658(0.658)  data: 0.000(0.000)  max cpu mem: 2729  max gpu mem: 32822
2025-04-07 23:49:49,269 - INFO - Training Epoch: [1]  [  16/2821]  eta: 2:32:37  lr: 0.000200  loss: 1.2185 (1.5986)  time: 7.353(7.353)  data: 6.636(6.636)  max cpu mem: 2729  max gpu mem: 32822
2025-04-07 23:49:49,929 - INFO - Training Epoch: [1]  [  17/2821]  eta: 2:25:48  lr: 0.000200  loss: 1.2034 (1.5496)  time: 0.659(0.659)  data: 0.000(0.000)  max cpu mem: 2729  max gpu mem: 32822
2025-04-07 23:49:50,585 - INFO - Training Epoch: [1]  [  18/2821]  eta: 2:19:41  lr: 0.000200  loss: 1.2034 (1.5074)  time: 0.656(0.656)  data: 0.000(0.000)  max cpu mem: 2729  max gpu mem: 32822
2025-04-07 23:49:51,244 - INFO - Training Epoch: [1]  [  19/2821]  eta: 2:14:11  lr: 0.000200  loss: 1.0787 (1.4664)  time: 0.658(0.658)  data: 0.000(0.000)  max cpu mem: 2729  max gpu mem: 32822
2025-04-07 23:49:58,533 - INFO - Training Epoch: [1]  [  20/2821]  eta: 2:23:57  lr: 0.000200  loss: 0.9923 (1.4280)  time: 7.288(7.288)  data: 6.581(6.581)  max cpu mem: 2729  max gpu mem: 32822
2025-04-07 23:49:59,415 - INFO - Training Epoch: [1]  [  21/2821]  eta: 2:19:14  lr: 0.000200  loss: 0.9461 (1.3926)  time: 0.881(0.881)  data: 0.225(0.225)  max cpu mem: 2729  max gpu mem: 32822
2025-04-07 23:50:00,073 - INFO - Training Epoch: [1]  [  22/2821]  eta: 2:14:28  lr: 0.000200  loss: 0.8519 (1.3604)  time: 0.656(0.656)  data: 0.000(0.000)  max cpu mem: 2729  max gpu mem: 32822
2025-04-07 23:50:00,729 - INFO - Training Epoch: [1]  [  23/2821]  eta: 2:10:05  lr: 0.000200  loss: 0.8402 (1.3286)  time: 0.656(0.656)  data: 0.000(0.000)  max cpu mem: 2729  max gpu mem: 32822
2025-04-07 23:50:10,606 - INFO - Training Epoch: [1]  [  24/2821]  eta: 2:23:15  lr: 0.000200  loss: 0.8185 (1.2999)  time: 9.876(9.876)  data: 9.162(9.162)  max cpu mem: 2729  max gpu mem: 32822
2025-04-07 23:50:11,267 - INFO - Training Epoch: [1]  [  25/2821]  eta: 2:18:53  lr: 0.000200  loss: 0.7729 (1.2721)  time: 0.660(0.660)  data: 0.000(0.000)  max cpu mem: 2729  max gpu mem: 32822
2025-04-07 23:50:11,923 - INFO - Training Epoch: [1]  [  26/2821]  eta: 2:14:49  lr: 0.000200  loss: 0.7475 (1.2455)  time: 0.656(0.656)  data: 0.000(0.000)  max cpu mem: 2729  max gpu mem: 32822
2025-04-07 23:50:12,578 - INFO - Training Epoch: [1]  [  27/2821]  eta: 2:11:03  lr: 0.000200  loss: 0.7172 (1.2224)  time: 0.654(0.654)  data: 0.000(0.000)  max cpu mem: 2729  max gpu mem: 32822
2025-04-07 23:50:20,208 - INFO - Training Epoch: [1]  [  28/2821]  eta: 2:18:44  lr: 0.000200  loss: 0.6868 (1.1989)  time: 7.629(7.629)  data: 6.929(6.929)  max cpu mem: 2729  max gpu mem: 32822
2025-04-07 23:50:20,869 - INFO - Training Epoch: [1]  [  29/2821]  eta: 2:15:05  lr: 0.000200  loss: 0.6594 (1.1766)  time: 0.660(0.660)  data: 0.000(0.000)  max cpu mem: 2729  max gpu mem: 32822
2025-04-07 23:50:21,526 - INFO - Training Epoch: [1]  [  30/2821]  eta: 2:11:39  lr: 0.000200  loss: 0.6529 (1.1562)  time: 0.657(0.657)  data: 0.000(0.000)  max cpu mem: 2729  max gpu mem: 32822
2025-04-07 23:50:22,182 - INFO - Training Epoch: [1]  [  31/2821]  eta: 2:08:27  lr: 0.000200  loss: 0.6494 (1.1362)  time: 0.655(0.655)  data: 0.000(0.000)  max cpu mem: 2729  max gpu mem: 32822
2025-04-07 23:50:31,076 - INFO - Training Epoch: [1]  [  32/2821]  eta: 2:17:02  lr: 0.000200  loss: 0.6115 (1.1192)  time: 8.892(8.892)  data: 8.178(8.178)  max cpu mem: 2729  max gpu mem: 32822
2025-04-07 23:50:32,688 - INFO - Training Epoch: [1]  [  33/2821]  eta: 2:15:10  lr: 0.000200  loss: 0.5976 (1.1007)  time: 1.612(1.612)  data: 0.955(0.955)  max cpu mem: 2729  max gpu mem: 32822
2025-04-07 23:50:33,343 - INFO - Training Epoch: [1]  [  34/2821]  eta: 2:12:07  lr: 0.000200  loss: 0.5971 (1.0825)  time: 0.654(0.654)  data: 0.000(0.000)  max cpu mem: 2729  max gpu mem: 32822
2025-04-07 23:50:34,005 - INFO - Training Epoch: [1]  [  35/2821]  eta: 2:09:15  lr: 0.000200  loss: 0.5757 (1.0663)  time: 0.661(0.661)  data: 0.000(0.000)  max cpu mem: 2729  max gpu mem: 32822
2025-04-07 23:50:39,820 - INFO - Training Epoch: [1]  [  36/2821]  eta: 2:13:01  lr: 0.000200  loss: 0.5754 (1.0501)  time: 5.814(5.814)  data: 5.142(5.142)  max cpu mem: 2729  max gpu mem: 32822
2025-04-07 23:50:42,507 - INFO - Training Epoch: [1]  [  37/2821]  eta: 2:12:45  lr: 0.000200  loss: 0.5553 (1.0352)  time: 2.687(2.687)  data: 1.984(1.984)  max cpu mem: 2729  max gpu mem: 32822
2025-04-07 23:50:43,163 - INFO - Training Epoch: [1]  [  38/2821]  eta: 2:10:04  lr: 0.000200  loss: 0.5454 (1.0219)  time: 0.655(0.655)  data: 0.000(0.000)  max cpu mem: 2729  max gpu mem: 32822
2025-04-07 23:50:43,819 - INFO - Training Epoch: [1]  [  39/2821]  eta: 2:07:32  lr: 0.000200  loss: 0.5403 (1.0098)  time: 0.656(0.656)  data: 0.000(0.000)  max cpu mem: 2729  max gpu mem: 32822
2025-04-07 23:50:49,439 - INFO - Training Epoch: [1]  [  40/2821]  eta: 2:10:44  lr: 0.000200  loss: 0.5370 (0.9969)  time: 5.619(5.619)  data: 4.942(4.942)  max cpu mem: 2729  max gpu mem: 32822
2025-04-07 23:50:54,560 - INFO - Training Epoch: [1]  [  41/2821]  eta: 2:13:13  lr: 0.000200  loss: 0.5370 (0.9863)  time: 5.120(5.120)  data: 4.422(4.422)  max cpu mem: 2729  max gpu mem: 32822
2025-04-07 23:50:55,216 - INFO - Training Epoch: [1]  [  42/2821]  eta: 2:10:47  lr: 0.000200  loss: 0.5313 (0.9746)  time: 0.655(0.655)  data: 0.000(0.000)  max cpu mem: 2729  max gpu mem: 32822
2025-04-07 23:50:55,874 - INFO - Training Epoch: [1]  [  43/2821]  eta: 2:08:27  lr: 0.000200  loss: 0.5164 (0.9630)  time: 0.657(0.657)  data: 0.000(0.000)  max cpu mem: 2729  max gpu mem: 32822
Traceback (most recent call last):
  File "/home/alxmrs/Ocean_Emulator/src/ocean_emulators/train.py", line 904, in <module>
    main()
  File "/home/alxmrs/Ocean_Emulator/src/ocean_emulators/train.py", line 897, in main
    trainer.run()
  File "/home/alxmrs/Ocean_Emulator/src/ocean_emulators/train.py", line 448, in run
    train_stats = self.train_one_epoch(epoch)
                  ^^^^^^^^^^^^^^^^^^^^^^^^^^^
  File "/home/alxmrs/Ocean_Emulator/src/ocean_emulators/train.py", line 504, in train_one_epoch
    for data_iter_step, data in enumerate(
  File "/home/alxmrs/Ocean_Emulator/src/ocean_emulators/utils/logging.py", line 171, in log_every
    for obj in iterable:
  File "/home/alxmrs/Ocean_Emulator/.venv/lib/python3.11/site-packages/torch/utils/data/dataloader.py", line 631, in __next__
    data = self._next_data()
           ^^^^^^^^^^^^^^^^^
  File "/home/alxmrs/Ocean_Emulator/.venv/lib/python3.11/site-packages/torch/utils/data/dataloader.py", line 1329, in _next_data
    idx, data = self._get_data()
                ^^^^^^^^^^^^^^^^
  File "/home/alxmrs/Ocean_Emulator/.venv/lib/python3.11/site-packages/torch/utils/data/dataloader.py", line 1285, in _get_data
    success, data = self._try_get_data()
                    ^^^^^^^^^^^^^^^^^^^^
  File "/home/alxmrs/Ocean_Emulator/.venv/lib/python3.11/site-packages/torch/utils/data/dataloader.py", line 1133, in _try_get_data
    data = self._data_queue.get(timeout=timeout)
           ^^^^^^^^^^^^^^^^^^^^^^^^^^^^^^^^^^^^^
  File "/home/alxmrs/.local/share/uv/python/cpython-3.11.11-linux-x86_64-gnu/lib/python3.11/queue.py", line 180, in get
    self.not_empty.wait(remaining)
  File "/home/alxmrs/.local/share/uv/python/cpython-3.11.11-linux-x86_64-gnu/lib/python3.11/threading.py", line 331, in wait
    gotit = waiter.acquire(True, timeout)
            ^^^^^^^^^^^^^^^^^^^^^^^^^^^^^
KeyboardInterrupt
