2025-04-07 23:43:00,024 - INFO - auto backend detected CUDA
2025-04-07 23:43:00,025 - INFO - Failed to initialize distributed mode, running on single node.
Traceback (most recent call last):
  File "/home/alxmrs/Ocean_Emulator/src/ocean_emulators/backend.py", line 32, in init_train_backend
    dist_cfg = init_distributed_mode()
               ^^^^^^^^^^^^^^^^^^^^^^^
  File "/home/alxmrs/Ocean_Emulator/src/ocean_emulators/utils/distributed.py", line 99, in init_distributed_mode
    raise RuntimeError(
RuntimeError: Distributed mode requires SLURM or RANK environment variables; did you mean to use `torchrun`?
2025-04-07 23:43:00,077 - INFO - Prognostic variables: uo_0, uo_1, uo_2, uo_3, uo_4, uo_5, uo_6, uo_7, uo_8, uo_9, uo_10, uo_11, uo_12, uo_13, uo_14, uo_15, uo_16, uo_17, uo_18, vo_0, vo_1, vo_2, vo_3, vo_4, vo_5, vo_6, vo_7, vo_8, vo_9, vo_10, vo_11, vo_12, vo_13, vo_14, vo_15, vo_16, vo_17, vo_18, thetao_0, thetao_1, thetao_2, thetao_3, thetao_4, thetao_5, thetao_6, thetao_7, thetao_8, thetao_9, thetao_10, thetao_11, thetao_12, thetao_13, thetao_14, thetao_15, thetao_16, thetao_17, thetao_18, so_0, so_1, so_2, so_3, so_4, so_5, so_6, so_7, so_8, so_9, so_10, so_11, so_12, so_13, so_14, so_15, so_16, so_17, so_18, zos
2025-04-07 23:43:00,077 - INFO - Boundary variables: tauuo, tauvo, hfds, hfds_anomalies
2025-04-07 23:43:00,077 - INFO - Levels: 19
2025-04-07 23:43:00,085 - INFO - Number of inputs (prognostic + boundary): 158
2025-04-07 23:43:00,085 - INFO - Number of outputs (prognostic): 154
2025-04-07 23:43:00,085 - INFO - Loading data
2025-04-07 23:43:00,592 - INFO - areacello does not have any default metadata
2025-04-07 23:43:00,593 - INFO - dz does not have any default metadata
2025-04-07 23:43:00,593 - INFO - lev does not have any default metadata
2025-04-07 23:43:00,593 - INFO - ocean_fraction does not have any default metadata
2025-04-07 23:43:00,594 - INFO - time does not have any default metadata
2025-04-07 23:43:00,594 - INFO - wetmask does not have any default metadata
2025-04-07 23:43:01,137 - INFO - Getting model Samudra
2025-04-07 23:43:01,138 - INFO - NOTE: Changing input channels to match data 157->158
2025-04-07 23:43:01,138 - INFO - NOTE: Changing output channels to match data 77->154
2025-04-07 23:43:02,681 - INFO - Number of parameters: 135142266
=================================================================
Layer (type:depth-idx)                   Param #
=================================================================
Samudra                                  --
├─ModuleList: 1-1                        --
│    └─ConvNeXtBlock: 2-1                --
│    │    └─Conv2d: 3-1                  31,800
│    │    └─Sequential: 3-2              4,623,912
│    └─AvgPool: 2-2                      --
│    │    └─AvgPool2d: 3-3               --
│    └─ConvNeXtBlock: 2-3                --
│    │    └─Conv2d: 3-4                  50,250
│    │    └─Sequential: 3-5              7,405,050
│    └─AvgPool: 2-4                      --
│    │    └─AvgPool2d: 3-6               --
│    └─ConvNeXtBlock: 2-5                --
│    │    └─Conv2d: 3-7                  75,300
│    │    └─Sequential: 3-8              11,556,300
│    └─AvgPool: 2-6                      --
│    │    └─AvgPool2d: 3-9               --
│    └─ConvNeXtBlock: 2-7                --
│    │    └─Conv2d: 3-10                 120,400
│    │    └─Sequential: 3-11             16,687,600
│    └─AvgPool: 2-8                      --
│    │    └─AvgPool2d: 3-12              --
│    └─ConvNeXtBlock: 2-9                --
│    │    └─Sequential: 3-13             29,450,000
│    └─BilinearUpsample: 2-10            --
│    │    └─Upsample: 3-14               --
│    └─ConvNeXtBlock: 2-11               --
│    │    └─Conv2d: 3-15                 120,300
│    │    └─Sequential: 3-16             29,289,900
│    └─BilinearUpsample: 2-12            --
│    │    └─Upsample: 3-17               --
│    └─ConvNeXtBlock: 2-13               --
│    │    └─Conv2d: 3-18                 75,250
│    │    └─Sequential: 3-19             16,507,450
│    └─BilinearUpsample: 2-14            --
│    │    └─Upsample: 3-20               --
│    └─ConvNeXtBlock: 2-15               --
│    │    └─Conv2d: 3-21                 50,200
│    │    └─Sequential: 3-22             11,456,200
│    └─BilinearUpsample: 2-16            --
│    │    └─Upsample: 3-23               --
│    └─ConvNeXtBlock: 2-17               --
│    │    └─Sequential: 3-24             7,365,000
│    └─Conv2d: 2-18                      277,354
├─Corrector: 1-2                         --
=================================================================
Total params: 135,142,266
Trainable params: 135,142,266
Non-trainable params: 0
=================================================================
2025-04-07 23:43:02,692 - INFO - =================================================================
Layer (type:depth-idx)                   Param #
=================================================================
Samudra                                  --
├─ModuleList: 1-1                        --
│    └─ConvNeXtBlock: 2-1                --
│    │    └─Conv2d: 3-1                  31,800
│    │    └─Sequential: 3-2              4,623,912
│    └─AvgPool: 2-2                      --
│    │    └─AvgPool2d: 3-3               --
│    └─ConvNeXtBlock: 2-3                --
│    │    └─Conv2d: 3-4                  50,250
│    │    └─Sequential: 3-5              7,405,050
│    └─AvgPool: 2-4                      --
│    │    └─AvgPool2d: 3-6               --
│    └─ConvNeXtBlock: 2-5                --
│    │    └─Conv2d: 3-7                  75,300
│    │    └─Sequential: 3-8              11,556,300
│    └─AvgPool: 2-6                      --
│    │    └─AvgPool2d: 3-9               --
│    └─ConvNeXtBlock: 2-7                --
│    │    └─Conv2d: 3-10                 120,400
│    │    └─Sequential: 3-11             16,687,600
│    └─AvgPool: 2-8                      --
│    │    └─AvgPool2d: 3-12              --
│    └─ConvNeXtBlock: 2-9                --
│    │    └─Sequential: 3-13             29,450,000
│    └─BilinearUpsample: 2-10            --
│    │    └─Upsample: 3-14               --
│    └─ConvNeXtBlock: 2-11               --
│    │    └─Conv2d: 3-15                 120,300
│    │    └─Sequential: 3-16             29,289,900
│    └─BilinearUpsample: 2-12            --
│    │    └─Upsample: 3-17               --
│    └─ConvNeXtBlock: 2-13               --
│    │    └─Conv2d: 3-18                 75,250
│    │    └─Sequential: 3-19             16,507,450
│    └─BilinearUpsample: 2-14            --
│    │    └─Upsample: 3-20               --
│    └─ConvNeXtBlock: 2-15               --
│    │    └─Conv2d: 3-21                 50,200
│    │    └─Sequential: 3-22             11,456,200
│    └─BilinearUpsample: 2-16            --
│    │    └─Upsample: 3-23               --
│    └─ConvNeXtBlock: 2-17               --
│    │    └─Sequential: 3-24             7,365,000
│    └─Conv2d: 2-18                      277,354
├─Corrector: 1-2                         --
=================================================================
Total params: 135,142,266
Trainable params: 135,142,266
Non-trainable params: 0
=================================================================
2025-04-07 23:43:02,695 - INFO - Using decomposed mse loss
2025-04-07 23:43:04,315 - INFO - Number of processes: 1, preferably use 8
2025-04-07 23:43:04,338 - INFO - Long rollout will use input at time 1975-01-03 12:00:00 and produce output at 1975-01-13 12:00:00
2025-04-07 23:43:04,371 - INFO - Starting training at step 4
2025-04-07 23:43:05,862 - INFO - Instantiating torch loaders
2025-04-07 23:43:23,637 - INFO - Training Epoch: [1]  [   0/2821]  eta: 13:55:39  lr: 0.000200  loss: 2.8689 (2.8689)  time: 17.774(17.774)  data: 10.272(10.272)  max cpu mem: 1641  max gpu mem: 32822
2025-04-07 23:43:24,300 - INFO - Training Epoch: [1]  [   1/2821]  eta: 7:13:13  lr: 0.000200  loss: 2.8689 (2.9956)  time: 0.662(0.662)  data: 0.000(0.000)  max cpu mem: 1947  max gpu mem: 32822
2025-04-07 23:43:24,990 - INFO - Training Epoch: [1]  [   2/2821]  eta: 4:59:29  lr: 0.000200  loss: 3.1222 (3.0384)  time: 0.688(0.688)  data: 0.000(0.000)  max cpu mem: 1947  max gpu mem: 32822
2025-04-07 23:43:25,771 - INFO - Training Epoch: [1]  [   3/2821]  eta: 3:53:23  lr: 0.000200  loss: 2.8689 (2.8975)  time: 0.753(0.753)  data: 0.000(0.000)  max cpu mem: 1951  max gpu mem: 32822
2025-04-07 23:43:26,592 - INFO - Training Epoch: [1]  [   4/2821]  eta: 3:14:20  lr: 0.000200  loss: 2.8689 (2.7840)  time: 0.819(0.819)  data: 0.000(0.000)  max cpu mem: 1952  max gpu mem: 32822
2025-04-07 23:43:27,315 - INFO - Training Epoch: [1]  [   5/2821]  eta: 2:47:32  lr: 0.000200  loss: 2.4747 (2.6420)  time: 0.722(0.722)  data: 0.000(0.000)  max cpu mem: 1952  max gpu mem: 32822
2025-04-07 23:43:28,056 - INFO - Training Epoch: [1]  [   6/2821]  eta: 2:28:27  lr: 0.000200  loss: 2.4747 (2.5099)  time: 0.732(0.732)  data: 0.000(0.000)  max cpu mem: 1952  max gpu mem: 32822
2025-04-07 23:43:35,980 - INFO - Training Epoch: [1]  [   7/2821]  eta: 2:56:18  lr: 0.000200  loss: 2.3300 (2.3965)  time: 7.923(7.923)  data: 7.224(7.224)  max cpu mem: 1952  max gpu mem: 32822
2025-04-07 23:43:50,587 - INFO - Training Epoch: [1]  [   8/2821]  eta: 3:52:45  lr: 0.000200  loss: 2.3300 (2.2973)  time: 14.606(14.606)  data: 13.931(13.931)  max cpu mem: 1952  max gpu mem: 32822
2025-04-07 23:43:51,246 - INFO - Training Epoch: [1]  [   9/2821]  eta: 3:32:28  lr: 0.000200  loss: 1.9317 (2.2120)  time: 0.658(0.658)  data: 0.000(0.000)  max cpu mem: 1952  max gpu mem: 32822
2025-04-07 23:43:51,912 - INFO - Training Epoch: [1]  [  10/2821]  eta: 3:15:55  lr: 0.000200  loss: 1.9317 (2.1310)  time: 0.665(0.665)  data: 0.000(0.000)  max cpu mem: 1952  max gpu mem: 32822
2025-04-07 23:43:56,564 - INFO - Training Epoch: [1]  [  11/2821]  eta: 3:17:41  lr: 0.000200  loss: 1.7174 (2.0548)  time: 4.652(4.652)  data: 3.949(3.949)  max cpu mem: 1952  max gpu mem: 32822
2025-04-07 23:44:02,841 - INFO - Training Epoch: [1]  [  12/2821]  eta: 3:25:01  lr: 0.000200  loss: 1.7174 (1.9872)  time: 6.276(6.276)  data: 5.564(5.564)  max cpu mem: 1952  max gpu mem: 32822
2025-04-07 23:44:03,506 - INFO - Training Epoch: [1]  [  13/2821]  eta: 3:12:31  lr: 0.000200  loss: 1.6028 (1.9230)  time: 0.663(0.663)  data: 0.000(0.000)  max cpu mem: 1952  max gpu mem: 32822
2025-04-07 23:44:04,167 - INFO - Training Epoch: [1]  [  14/2821]  eta: 3:01:41  lr: 0.000200  loss: 1.6028 (1.8662)  time: 0.660(0.660)  data: 0.000(0.000)  max cpu mem: 1952  max gpu mem: 32822
2025-04-07 23:44:05,985 - INFO - Training Epoch: [1]  [  15/2821]  eta: 2:55:34  lr: 0.000200  loss: 1.5036 (1.8123)  time: 1.817(1.817)  data: 1.157(1.157)  max cpu mem: 1952  max gpu mem: 32822
2025-04-07 23:44:15,660 - INFO - Training Epoch: [1]  [  16/2821]  eta: 3:11:48  lr: 0.000200  loss: 1.5036 (1.7696)  time: 9.675(9.675)  data: 8.984(8.984)  max cpu mem: 1952  max gpu mem: 32822
2025-04-07 23:44:16,326 - INFO - Training Epoch: [1]  [  17/2821]  eta: 3:02:48  lr: 0.000200  loss: 1.4440 (1.7245)  time: 0.664(0.664)  data: 0.000(0.000)  max cpu mem: 1952  max gpu mem: 32822
2025-04-07 23:44:16,995 - INFO - Training Epoch: [1]  [  18/2821]  eta: 2:54:45  lr: 0.000200  loss: 1.4440 (1.6860)  time: 0.668(0.668)  data: 0.000(0.000)  max cpu mem: 1952  max gpu mem: 32822
2025-04-07 23:44:17,656 - INFO - Training Epoch: [1]  [  19/2821]  eta: 2:47:30  lr: 0.000200  loss: 1.3216 (1.6482)  time: 0.660(0.660)  data: 0.000(0.000)  max cpu mem: 1952  max gpu mem: 32822
2025-04-07 23:44:24,751 - INFO - Training Epoch: [1]  [  20/2821]  eta: 2:55:14  lr: 0.000200  loss: 1.2158 (1.6129)  time: 7.095(7.095)  data: 6.398(6.398)  max cpu mem: 1952  max gpu mem: 32822
2025-04-07 23:44:25,417 - INFO - Training Epoch: [1]  [  21/2821]  eta: 2:48:37  lr: 0.000200  loss: 1.1770 (1.5803)  time: 0.665(0.665)  data: 0.000(0.000)  max cpu mem: 1952  max gpu mem: 32822
2025-04-07 23:44:26,083 - INFO - Training Epoch: [1]  [  22/2821]  eta: 2:42:35  lr: 0.000200  loss: 1.0883 (1.5514)  time: 0.665(0.665)  data: 0.000(0.000)  max cpu mem: 1952  max gpu mem: 32822
2025-04-07 23:44:26,753 - INFO - Training Epoch: [1]  [  23/2821]  eta: 2:37:03  lr: 0.000200  loss: 1.0862 (1.5226)  time: 0.669(0.669)  data: 0.000(0.000)  max cpu mem: 1952  max gpu mem: 32822
2025-04-07 23:44:33,566 - INFO - Training Epoch: [1]  [  24/2821]  eta: 2:43:25  lr: 0.000200  loss: 1.0715 (1.4963)  time: 6.813(6.813)  data: 6.124(6.124)  max cpu mem: 1952  max gpu mem: 32822
2025-04-07 23:44:34,232 - INFO - Training Epoch: [1]  [  25/2821]  eta: 2:38:16  lr: 0.000200  loss: 1.0038 (1.4714)  time: 0.665(0.665)  data: 0.000(0.000)  max cpu mem: 1952  max gpu mem: 32822
2025-04-07 23:44:42,012 - INFO - Training Epoch: [1]  [  26/2821]  eta: 2:45:46  lr: 0.000200  loss: 0.9918 (1.4478)  time: 7.779(7.779)  data: 7.073(7.073)  max cpu mem: 1952  max gpu mem: 32822
2025-04-07 23:44:42,694 - INFO - Training Epoch: [1]  [  27/2821]  eta: 2:40:56  lr: 0.000200  loss: 0.9576 (1.4271)  time: 0.681(0.681)  data: 0.000(0.000)  max cpu mem: 1952  max gpu mem: 32822
2025-04-07 23:44:46,479 - INFO - Training Epoch: [1]  [  28/2821]  eta: 2:41:24  lr: 0.000200  loss: 0.9306 (1.4052)  time: 3.783(3.783)  data: 2.895(2.895)  max cpu mem: 1952  max gpu mem: 32822
2025-04-07 23:44:49,135 - INFO - Training Epoch: [1]  [  29/2821]  eta: 2:40:05  lr: 0.000200  loss: 0.9145 (1.3851)  time: 2.655(2.655)  data: 1.899(1.899)  max cpu mem: 1952  max gpu mem: 32822
2025-04-07 23:45:02,042 - INFO - Training Epoch: [1]  [  30/2821]  eta: 2:54:13  lr: 0.000200  loss: 0.9065 (1.3667)  time: 12.906(12.906)  data: 11.976(11.976)  max cpu mem: 1952  max gpu mem: 32822
2025-04-07 23:45:02,796 - INFO - Training Epoch: [1]  [  31/2821]  eta: 2:49:49  lr: 0.000200  loss: 0.8970 (1.3486)  time: 0.752(0.752)  data: 0.000(0.000)  max cpu mem: 1952  max gpu mem: 32822
2025-04-07 23:45:03,587 - INFO - Training Epoch: [1]  [  32/2821]  eta: 2:45:43  lr: 0.000200  loss: 0.8676 (1.3331)  time: 0.789(0.789)  data: 0.000(0.000)  max cpu mem: 1952  max gpu mem: 32822
2025-04-07 23:45:04,341 - INFO - Training Epoch: [1]  [  33/2821]  eta: 2:41:47  lr: 0.000200  loss: 0.8631 (1.3166)  time: 0.734(0.734)  data: 0.010(0.010)  max cpu mem: 1952  max gpu mem: 32822
2025-04-07 23:45:14,886 - INFO - Training Epoch: [1]  [  34/2821]  eta: 2:51:06  lr: 0.000200  loss: 0.8616 (1.3001)  time: 10.543(10.543)  data: 9.847(9.847)  max cpu mem: 1952  max gpu mem: 32822
2025-04-07 23:45:15,546 - INFO - Training Epoch: [1]  [  35/2821]  eta: 2:47:08  lr: 0.000200  loss: 0.8503 (1.2856)  time: 0.659(0.659)  data: 0.000(0.000)  max cpu mem: 1952  max gpu mem: 32822
2025-04-07 23:45:16,205 - INFO - Training Epoch: [1]  [  36/2821]  eta: 2:43:23  lr: 0.000200  loss: 0.8358 (1.2710)  time: 0.659(0.659)  data: 0.000(0.000)  max cpu mem: 1952  max gpu mem: 32822
2025-04-07 23:45:16,865 - INFO - Training Epoch: [1]  [  37/2821]  eta: 2:39:50  lr: 0.000200  loss: 0.8333 (1.2579)  time: 0.658(0.658)  data: 0.000(0.000)  max cpu mem: 1952  max gpu mem: 32822
2025-04-07 23:45:24,090 - INFO - Training Epoch: [1]  [  38/2821]  eta: 2:44:16  lr: 0.000200  loss: 0.8142 (1.2461)  time: 7.225(7.225)  data: 6.521(6.521)  max cpu mem: 1952  max gpu mem: 32822
2025-04-07 23:45:24,752 - INFO - Training Epoch: [1]  [  39/2821]  eta: 2:40:53  lr: 0.000200  loss: 0.8142 (1.2353)  time: 0.661(0.661)  data: 0.000(0.000)  max cpu mem: 1952  max gpu mem: 32822
2025-04-07 23:45:25,418 - INFO - Training Epoch: [1]  [  40/2821]  eta: 2:37:39  lr: 0.000200  loss: 0.8014 (1.2238)  time: 0.665(0.665)  data: 0.000(0.000)  max cpu mem: 1952  max gpu mem: 32822
2025-04-07 23:45:26,084 - INFO - Training Epoch: [1]  [  41/2821]  eta: 2:34:34  lr: 0.000200  loss: 0.8014 (1.2143)  time: 0.665(0.665)  data: 0.000(0.000)  max cpu mem: 1952  max gpu mem: 32822
2025-04-07 23:45:42,346 - INFO - Training Epoch: [1]  [  42/2821]  eta: 2:48:26  lr: 0.000200  loss: 0.7953 (1.2039)  time: 16.261(16.261)  data: 15.565(15.565)  max cpu mem: 1952  max gpu mem: 32822
2025-04-07 23:45:43,007 - INFO - Training Epoch: [1]  [  43/2821]  eta: 2:45:15  lr: 0.000200  loss: 0.7930 (1.1934)  time: 0.661(0.661)  data: 0.000(0.000)  max cpu mem: 1952  max gpu mem: 32822
2025-04-07 23:45:43,668 - INFO - Training Epoch: [1]  [  44/2821]  eta: 2:42:12  lr: 0.000200  loss: 0.7887 (1.1835)  time: 0.660(0.660)  data: 0.000(0.000)  max cpu mem: 1952  max gpu mem: 32822
2025-04-07 23:45:44,328 - INFO - Training Epoch: [1]  [  45/2821]  eta: 2:39:16  lr: 0.000200  loss: 0.7751 (1.1736)  time: 0.659(0.659)  data: 0.000(0.000)  max cpu mem: 1952  max gpu mem: 32822
2025-04-07 23:45:55,213 - INFO - Training Epoch: [1]  [  46/2821]  eta: 2:46:32  lr: 0.000200  loss: 0.7750 (1.1639)  time: 10.885(10.885)  data: 10.197(10.197)  max cpu mem: 1952  max gpu mem: 32822
2025-04-07 23:45:55,874 - INFO - Training Epoch: [1]  [  47/2821]  eta: 2:43:39  lr: 0.000200  loss: 0.7723 (1.1547)  time: 0.660(0.660)  data: 0.000(0.000)  max cpu mem: 1952  max gpu mem: 32822
2025-04-07 23:45:56,534 - INFO - Training Epoch: [1]  [  48/2821]  eta: 2:40:52  lr: 0.000200  loss: 0.7720 (1.1469)  time: 0.659(0.659)  data: 0.000(0.000)  max cpu mem: 1952  max gpu mem: 32822
2025-04-07 23:45:57,201 - INFO - Training Epoch: [1]  [  49/2821]  eta: 2:38:13  lr: 0.000200  loss: 0.7648 (1.1379)  time: 0.666(0.666)  data: 0.000(0.000)  max cpu mem: 1952  max gpu mem: 32822
2025-04-07 23:46:05,897 - INFO - Training Epoch: [1]  [  50/2821]  eta: 2:42:56  lr: 0.000200  loss: 0.7646 (1.1305)  time: 8.695(8.695)  data: 7.985(7.985)  max cpu mem: 1952  max gpu mem: 32822
2025-04-07 23:46:06,556 - INFO - Training Epoch: [1]  [  51/2821]  eta: 2:40:19  lr: 0.000200  loss: 0.7646 (1.1238)  time: 0.658(0.658)  data: 0.000(0.000)  max cpu mem: 1952  max gpu mem: 32822
2025-04-07 23:46:07,220 - INFO - Training Epoch: [1]  [  52/2821]  eta: 2:37:49  lr: 0.000200  loss: 0.7603 (1.1163)  time: 0.663(0.663)  data: 0.000(0.000)  max cpu mem: 1952  max gpu mem: 32822
2025-04-07 23:46:07,881 - INFO - Training Epoch: [1]  [  53/2821]  eta: 2:35:24  lr: 0.000200  loss: 0.7603 (1.1099)  time: 0.661(0.661)  data: 0.000(0.000)  max cpu mem: 1952  max gpu mem: 32822
2025-04-07 23:46:15,618 - INFO - Training Epoch: [1]  [  54/2821]  eta: 2:39:00  lr: 0.000200  loss: 0.7603 (1.1031)  time: 7.735(7.735)  data: 6.786(6.786)  max cpu mem: 1952  max gpu mem: 32822
2025-04-07 23:46:16,489 - INFO - Training Epoch: [1]  [  55/2821]  eta: 2:36:50  lr: 0.000200  loss: 0.7479 (1.0964)  time: 0.870(0.870)  data: 0.000(0.000)  max cpu mem: 1952  max gpu mem: 32822
2025-04-07 23:46:17,228 - INFO - Training Epoch: [1]  [  56/2821]  eta: 2:34:37  lr: 0.000200  loss: 0.7479 (1.0897)  time: 0.738(0.738)  data: 0.000(0.000)  max cpu mem: 1952  max gpu mem: 32822
2025-04-07 23:46:17,938 - INFO - Training Epoch: [1]  [  57/2821]  eta: 2:32:28  lr: 0.000200  loss: 0.7444 (1.0826)  time: 0.709(0.709)  data: 0.000(0.000)  max cpu mem: 1952  max gpu mem: 32822
2025-04-07 23:46:25,295 - INFO - Training Epoch: [1]  [  58/2821]  eta: 2:35:34  lr: 0.000200  loss: 0.7444 (1.0769)  time: 7.356(7.356)  data: 6.676(6.676)  max cpu mem: 1952  max gpu mem: 32822
2025-04-07 23:46:25,959 - INFO - Training Epoch: [1]  [  59/2821]  eta: 2:33:25  lr: 0.000200  loss: 0.7381 (1.0706)  time: 0.663(0.663)  data: 0.000(0.000)  max cpu mem: 1952  max gpu mem: 32822
2025-04-07 23:46:26,679 - INFO - Training Epoch: [1]  [  60/2821]  eta: 2:31:24  lr: 0.000200  loss: 0.7281 (1.0642)  time: 0.719(0.719)  data: 0.000(0.000)  max cpu mem: 1952  max gpu mem: 32822
2025-04-07 23:46:27,339 - INFO - Training Epoch: [1]  [  61/2821]  eta: 2:29:23  lr: 0.000200  loss: 0.7262 (1.0587)  time: 0.660(0.660)  data: 0.000(0.000)  max cpu mem: 1952  max gpu mem: 32822
2025-04-07 23:46:35,511 - INFO - Training Epoch: [1]  [  62/2821]  eta: 2:32:56  lr: 0.000200  loss: 0.7258 (1.0529)  time: 8.171(8.171)  data: 7.486(7.486)  max cpu mem: 1952  max gpu mem: 32822
2025-04-07 23:46:36,174 - INFO - Training Epoch: [1]  [  63/2821]  eta: 2:30:58  lr: 0.000200  loss: 0.7253 (1.0476)  time: 0.663(0.663)  data: 0.000(0.000)  max cpu mem: 1952  max gpu mem: 32822
2025-04-07 23:46:36,838 - INFO - Training Epoch: [1]  [  64/2821]  eta: 2:29:03  lr: 0.000200  loss: 0.7198 (1.0419)  time: 0.663(0.663)  data: 0.000(0.000)  max cpu mem: 1952  max gpu mem: 32822
2025-04-07 23:46:37,502 - INFO - Training Epoch: [1]  [  65/2821]  eta: 2:27:12  lr: 0.000200  loss: 0.7191 (1.0370)  time: 0.662(0.662)  data: 0.000(0.000)  max cpu mem: 1952  max gpu mem: 32822
