2025-04-08 16:26:48,556 - INFO - auto backend detected CUDA
2025-04-08 16:26:48,557 - INFO - Failed to initialize distributed mode, running on single node.
Traceback (most recent call last):
  File "/home/alxmrs/Ocean_Emulator/src/ocean_emulators/backend.py", line 32, in init_train_backend
    dist_cfg = init_distributed_mode()
               ^^^^^^^^^^^^^^^^^^^^^^^
  File "/home/alxmrs/Ocean_Emulator/src/ocean_emulators/utils/distributed.py", line 99, in init_distributed_mode
    raise RuntimeError(
RuntimeError: Distributed mode requires SLURM or RANK environment variables; did you mean to use `torchrun`?
2025-04-08 16:26:48,594 - INFO - Prognostic variables: uo_0, uo_1, uo_2, uo_3, uo_4, uo_5, uo_6, uo_7, uo_8, uo_9, uo_10, uo_11, uo_12, uo_13, uo_14, uo_15, uo_16, uo_17, uo_18, vo_0, vo_1, vo_2, vo_3, vo_4, vo_5, vo_6, vo_7, vo_8, vo_9, vo_10, vo_11, vo_12, vo_13, vo_14, vo_15, vo_16, vo_17, vo_18, thetao_0, thetao_1, thetao_2, thetao_3, thetao_4, thetao_5, thetao_6, thetao_7, thetao_8, thetao_9, thetao_10, thetao_11, thetao_12, thetao_13, thetao_14, thetao_15, thetao_16, thetao_17, thetao_18, so_0, so_1, so_2, so_3, so_4, so_5, so_6, so_7, so_8, so_9, so_10, so_11, so_12, so_13, so_14, so_15, so_16, so_17, so_18, zos
2025-04-08 16:26:48,594 - INFO - Boundary variables: tauuo, tauvo, hfds, hfds_anomalies
2025-04-08 16:26:48,594 - INFO - Levels: 19
2025-04-08 16:26:48,599 - INFO - Number of inputs (prognostic + boundary): 158
2025-04-08 16:26:48,599 - INFO - Number of outputs (prognostic): 154
2025-04-08 16:26:48,599 - INFO - Loading data
2025-04-08 16:26:48,945 - INFO - areacello does not have any default metadata
2025-04-08 16:26:48,945 - INFO - dz does not have any default metadata
2025-04-08 16:26:48,946 - INFO - lev does not have any default metadata
2025-04-08 16:26:48,946 - INFO - ocean_fraction does not have any default metadata
2025-04-08 16:26:48,946 - INFO - time does not have any default metadata
2025-04-08 16:26:48,946 - INFO - wetmask does not have any default metadata
2025-04-08 16:26:49,369 - INFO - Getting model Samudra
2025-04-08 16:26:49,370 - INFO - NOTE: Changing input channels to match data 157->158
2025-04-08 16:26:49,370 - INFO - NOTE: Changing output channels to match data 77->154
2025-04-08 16:26:50,484 - INFO - Number of parameters: 135142266
=================================================================
Layer (type:depth-idx)                   Param #
=================================================================
Samudra                                  --
├─ModuleList: 1-1                        --
│    └─ConvNeXtBlock: 2-1                --
│    │    └─Conv2d: 3-1                  31,800
│    │    └─Sequential: 3-2              4,623,912
│    └─AvgPool: 2-2                      --
│    │    └─AvgPool2d: 3-3               --
│    └─ConvNeXtBlock: 2-3                --
│    │    └─Conv2d: 3-4                  50,250
│    │    └─Sequential: 3-5              7,405,050
│    └─AvgPool: 2-4                      --
│    │    └─AvgPool2d: 3-6               --
│    └─ConvNeXtBlock: 2-5                --
│    │    └─Conv2d: 3-7                  75,300
│    │    └─Sequential: 3-8              11,556,300
│    └─AvgPool: 2-6                      --
│    │    └─AvgPool2d: 3-9               --
│    └─ConvNeXtBlock: 2-7                --
│    │    └─Conv2d: 3-10                 120,400
│    │    └─Sequential: 3-11             16,687,600
│    └─AvgPool: 2-8                      --
│    │    └─AvgPool2d: 3-12              --
│    └─ConvNeXtBlock: 2-9                --
│    │    └─Sequential: 3-13             29,450,000
│    └─BilinearUpsample: 2-10            --
│    │    └─Upsample: 3-14               --
│    └─ConvNeXtBlock: 2-11               --
│    │    └─Conv2d: 3-15                 120,300
│    │    └─Sequential: 3-16             29,289,900
│    └─BilinearUpsample: 2-12            --
│    │    └─Upsample: 3-17               --
│    └─ConvNeXtBlock: 2-13               --
│    │    └─Conv2d: 3-18                 75,250
│    │    └─Sequential: 3-19             16,507,450
│    └─BilinearUpsample: 2-14            --
│    │    └─Upsample: 3-20               --
│    └─ConvNeXtBlock: 2-15               --
│    │    └─Conv2d: 3-21                 50,200
│    │    └─Sequential: 3-22             11,456,200
│    └─BilinearUpsample: 2-16            --
│    │    └─Upsample: 3-23               --
│    └─ConvNeXtBlock: 2-17               --
│    │    └─Sequential: 3-24             7,365,000
│    └─Conv2d: 2-18                      277,354
├─Corrector: 1-2                         --
=================================================================
Total params: 135,142,266
Trainable params: 135,142,266
Non-trainable params: 0
=================================================================
2025-04-08 16:26:50,491 - INFO - =================================================================
Layer (type:depth-idx)                   Param #
=================================================================
Samudra                                  --
├─ModuleList: 1-1                        --
│    └─ConvNeXtBlock: 2-1                --
│    │    └─Conv2d: 3-1                  31,800
│    │    └─Sequential: 3-2              4,623,912
│    └─AvgPool: 2-2                      --
│    │    └─AvgPool2d: 3-3               --
│    └─ConvNeXtBlock: 2-3                --
│    │    └─Conv2d: 3-4                  50,250
│    │    └─Sequential: 3-5              7,405,050
│    └─AvgPool: 2-4                      --
│    │    └─AvgPool2d: 3-6               --
│    └─ConvNeXtBlock: 2-5                --
│    │    └─Conv2d: 3-7                  75,300
│    │    └─Sequential: 3-8              11,556,300
│    └─AvgPool: 2-6                      --
│    │    └─AvgPool2d: 3-9               --
│    └─ConvNeXtBlock: 2-7                --
│    │    └─Conv2d: 3-10                 120,400
│    │    └─Sequential: 3-11             16,687,600
│    └─AvgPool: 2-8                      --
│    │    └─AvgPool2d: 3-12              --
│    └─ConvNeXtBlock: 2-9                --
│    │    └─Sequential: 3-13             29,450,000
│    └─BilinearUpsample: 2-10            --
│    │    └─Upsample: 3-14               --
│    └─ConvNeXtBlock: 2-11               --
│    │    └─Conv2d: 3-15                 120,300
│    │    └─Sequential: 3-16             29,289,900
│    └─BilinearUpsample: 2-12            --
│    │    └─Upsample: 3-17               --
│    └─ConvNeXtBlock: 2-13               --
│    │    └─Conv2d: 3-18                 75,250
│    │    └─Sequential: 3-19             16,507,450
│    └─BilinearUpsample: 2-14            --
│    │    └─Upsample: 3-20               --
│    └─ConvNeXtBlock: 2-15               --
│    │    └─Conv2d: 3-21                 50,200
│    │    └─Sequential: 3-22             11,456,200
│    └─BilinearUpsample: 2-16            --
│    │    └─Upsample: 3-23               --
│    └─ConvNeXtBlock: 2-17               --
│    │    └─Sequential: 3-24             7,365,000
│    └─Conv2d: 2-18                      277,354
├─Corrector: 1-2                         --
=================================================================
Total params: 135,142,266
Trainable params: 135,142,266
Non-trainable params: 0
=================================================================
2025-04-08 16:26:50,493 - INFO - Using decomposed mse loss
2025-04-08 16:26:51,554 - INFO - Number of processes: 1, preferably use 8
2025-04-08 16:26:51,580 - INFO - Long rollout will use input at time 1975-01-03 12:00:00 and produce output at 1975-01-13 12:00:00
2025-04-08 16:26:51,590 - INFO - Starting training at step 4
2025-04-08 16:26:54,807 - INFO - Instantiating torch loaders
2025-04-08 16:27:04,932 - INFO - Training Epoch: [1]  [   0/2821]  eta: 7:55:48  lr: 0.000200  loss: 2.8689 (2.8689)  time: 10.120(10.120)  data: 2.533(2.533)  max cpu mem: 1718  max gpu mem: 32824
2025-04-08 16:27:05,601 - INFO - Training Epoch: [1]  [   1/2821]  eta: 4:13:31  lr: 0.000200  loss: 2.8689 (2.9956)  time: 0.668(0.668)  data: 0.000(0.000)  max cpu mem: 2024  max gpu mem: 32824
2025-04-08 16:27:06,273 - INFO - Training Epoch: [1]  [   2/2821]  eta: 2:59:28  lr: 0.000200  loss: 3.1223 (3.0389)  time: 0.671(0.671)  data: 0.000(0.000)  max cpu mem: 2028  max gpu mem: 32824
2025-04-08 16:27:06,948 - INFO - Training Epoch: [1]  [   3/2821]  eta: 2:22:28  lr: 0.000200  loss: 2.8689 (2.8978)  time: 0.674(0.674)  data: 0.000(0.000)  max cpu mem: 2028  max gpu mem: 32824
2025-04-08 16:27:07,618 - INFO - Training Epoch: [1]  [   4/2821]  eta: 2:00:12  lr: 0.000200  loss: 2.8689 (2.7840)  time: 0.669(0.669)  data: 0.000(0.000)  max cpu mem: 2028  max gpu mem: 32824
2025-04-08 16:27:08,288 - INFO - Training Epoch: [1]  [   5/2821]  eta: 1:45:22  lr: 0.000200  loss: 2.4746 (2.6421)  time: 0.669(0.669)  data: 0.000(0.000)  max cpu mem: 2029  max gpu mem: 32824
2025-04-08 16:27:08,958 - INFO - Training Epoch: [1]  [   6/2821]  eta: 1:34:46  lr: 0.000200  loss: 2.4746 (2.5098)  time: 0.670(0.670)  data: 0.000(0.000)  max cpu mem: 2029  max gpu mem: 32824
2025-04-08 16:27:09,631 - INFO - Training Epoch: [1]  [   7/2821]  eta: 1:26:50  lr: 0.000200  loss: 2.3287 (2.3965)  time: 0.672(0.672)  data: 0.000(0.000)  max cpu mem: 2029  max gpu mem: 32824
2025-04-08 16:27:10,353 - INFO - Training Epoch: [1]  [   8/2821]  eta: 1:20:54  lr: 0.000200  loss: 2.3287 (2.2971)  time: 0.720(0.720)  data: 0.000(0.000)  max cpu mem: 2029  max gpu mem: 32824
2025-04-08 16:27:11,052 - INFO - Training Epoch: [1]  [   9/2821]  eta: 1:16:03  lr: 0.000200  loss: 1.9328 (2.2118)  time: 0.698(0.698)  data: 0.000(0.000)  max cpu mem: 2029  max gpu mem: 32824
2025-04-08 16:27:11,724 - INFO - Training Epoch: [1]  [  10/2821]  eta: 1:11:59  lr: 0.000200  loss: 1.9328 (2.1309)  time: 0.672(0.672)  data: 0.000(0.000)  max cpu mem: 2029  max gpu mem: 32824
2025-04-08 16:27:12,397 - INFO - Training Epoch: [1]  [  11/2821]  eta: 1:08:35  lr: 0.000200  loss: 1.7162 (2.0546)  time: 0.672(0.672)  data: 0.000(0.000)  max cpu mem: 2029  max gpu mem: 32824
2025-04-08 16:27:13,067 - INFO - Training Epoch: [1]  [  12/2821]  eta: 1:05:42  lr: 0.000200  loss: 1.7162 (1.9871)  time: 0.670(0.670)  data: 0.000(0.000)  max cpu mem: 2029  max gpu mem: 32824
2025-04-08 16:27:13,735 - INFO - Training Epoch: [1]  [  13/2821]  eta: 1:03:12  lr: 0.000200  loss: 1.6033 (1.9229)  time: 0.667(0.667)  data: 0.000(0.000)  max cpu mem: 2029  max gpu mem: 32824
2025-04-08 16:27:14,403 - INFO - Training Epoch: [1]  [  14/2821]  eta: 1:01:03  lr: 0.000200  loss: 1.6033 (1.8661)  time: 0.668(0.668)  data: 0.000(0.000)  max cpu mem: 2029  max gpu mem: 32824
2025-04-08 16:27:15,070 - INFO - Training Epoch: [1]  [  15/2821]  eta: 0:59:10  lr: 0.000200  loss: 1.5020 (1.8122)  time: 0.666(0.666)  data: 0.000(0.000)  max cpu mem: 2029  max gpu mem: 32824
2025-04-08 16:27:15,741 - INFO - Training Epoch: [1]  [  16/2821]  eta: 0:57:30  lr: 0.000200  loss: 1.5020 (1.7695)  time: 0.669(0.669)  data: 0.000(0.000)  max cpu mem: 2029  max gpu mem: 32824
2025-04-08 16:27:16,451 - INFO - Training Epoch: [1]  [  17/2821]  eta: 0:56:08  lr: 0.000200  loss: 1.4441 (1.7244)  time: 0.709(0.709)  data: 0.000(0.000)  max cpu mem: 2029  max gpu mem: 32824
2025-04-08 16:27:17,118 - INFO - Training Epoch: [1]  [  18/2821]  eta: 0:54:48  lr: 0.000200  loss: 1.4441 (1.6859)  time: 0.666(0.666)  data: 0.000(0.000)  max cpu mem: 2029  max gpu mem: 32824
2025-04-08 16:27:17,782 - INFO - Training Epoch: [1]  [  19/2821]  eta: 0:53:35  lr: 0.000200  loss: 1.3217 (1.6481)  time: 0.664(0.664)  data: 0.000(0.000)  max cpu mem: 2029  max gpu mem: 32824
2025-04-08 16:27:18,452 - INFO - Training Epoch: [1]  [  20/2821]  eta: 0:52:30  lr: 0.000200  loss: 1.2153 (1.6129)  time: 0.669(0.669)  data: 0.000(0.000)  max cpu mem: 2029  max gpu mem: 32824
2025-04-08 16:27:19,122 - INFO - Training Epoch: [1]  [  21/2821]  eta: 0:51:31  lr: 0.000200  loss: 1.1772 (1.5803)  time: 0.669(0.669)  data: 0.000(0.000)  max cpu mem: 2029  max gpu mem: 32824
2025-04-08 16:27:19,812 - INFO - Training Epoch: [1]  [  22/2821]  eta: 0:50:39  lr: 0.000200  loss: 1.0880 (1.5514)  time: 0.689(0.689)  data: 0.000(0.000)  max cpu mem: 2029  max gpu mem: 32824
2025-04-08 16:27:20,493 - INFO - Training Epoch: [1]  [  23/2821]  eta: 0:49:51  lr: 0.000200  loss: 1.0863 (1.5226)  time: 0.680(0.680)  data: 0.000(0.000)  max cpu mem: 2029  max gpu mem: 32824
2025-04-08 16:27:21,159 - INFO - Training Epoch: [1]  [  24/2821]  eta: 0:49:05  lr: 0.000200  loss: 1.0717 (1.4963)  time: 0.665(0.665)  data: 0.000(0.000)  max cpu mem: 2029  max gpu mem: 32824
2025-04-08 16:27:21,827 - INFO - Training Epoch: [1]  [  25/2821]  eta: 0:48:22  lr: 0.000200  loss: 1.0038 (1.4714)  time: 0.667(0.667)  data: 0.000(0.000)  max cpu mem: 2029  max gpu mem: 32824
2025-04-08 16:27:22,495 - INFO - Training Epoch: [1]  [  26/2821]  eta: 0:47:43  lr: 0.000200  loss: 0.9920 (1.4478)  time: 0.667(0.667)  data: 0.000(0.000)  max cpu mem: 2029  max gpu mem: 32824
2025-04-08 16:27:23,161 - INFO - Training Epoch: [1]  [  27/2821]  eta: 0:47:06  lr: 0.000200  loss: 0.9569 (1.4271)  time: 0.665(0.665)  data: 0.000(0.000)  max cpu mem: 2029  max gpu mem: 32824
2025-04-08 16:27:23,831 - INFO - Training Epoch: [1]  [  28/2821]  eta: 0:46:32  lr: 0.000200  loss: 0.9313 (1.4052)  time: 0.669(0.669)  data: 0.000(0.000)  max cpu mem: 2029  max gpu mem: 32824
2025-04-08 16:27:24,499 - INFO - Training Epoch: [1]  [  29/2821]  eta: 0:46:00  lr: 0.000200  loss: 0.9144 (1.3851)  time: 0.667(0.667)  data: 0.000(0.000)  max cpu mem: 2029  max gpu mem: 32824
2025-04-08 16:27:25,170 - INFO - Training Epoch: [1]  [  30/2821]  eta: 0:45:30  lr: 0.000200  loss: 0.9074 (1.3667)  time: 0.670(0.670)  data: 0.000(0.000)  max cpu mem: 2029  max gpu mem: 32824
2025-04-08 16:27:25,837 - INFO - Training Epoch: [1]  [  31/2821]  eta: 0:45:02  lr: 0.000200  loss: 0.8968 (1.3486)  time: 0.667(0.667)  data: 0.000(0.000)  max cpu mem: 2029  max gpu mem: 32824
2025-04-08 16:27:26,516 - INFO - Training Epoch: [1]  [  32/2821]  eta: 0:44:36  lr: 0.000200  loss: 0.8674 (1.3331)  time: 0.678(0.678)  data: 0.000(0.000)  max cpu mem: 2029  max gpu mem: 32824
2025-04-08 16:27:27,183 - INFO - Training Epoch: [1]  [  33/2821]  eta: 0:44:12  lr: 0.000200  loss: 0.8637 (1.3166)  time: 0.667(0.667)  data: 0.000(0.000)  max cpu mem: 2029  max gpu mem: 32824
2025-04-08 16:27:27,850 - INFO - Training Epoch: [1]  [  34/2821]  eta: 0:43:48  lr: 0.000200  loss: 0.8616 (1.3002)  time: 0.665(0.665)  data: 0.000(0.000)  max cpu mem: 2029  max gpu mem: 32824
2025-04-08 16:27:28,520 - INFO - Training Epoch: [1]  [  35/2821]  eta: 0:43:26  lr: 0.000200  loss: 0.8501 (1.2856)  time: 0.670(0.670)  data: 0.000(0.000)  max cpu mem: 2029  max gpu mem: 32824
2025-04-08 16:27:29,188 - INFO - Training Epoch: [1]  [  36/2821]  eta: 0:43:05  lr: 0.000200  loss: 0.8362 (1.2710)  time: 0.667(0.667)  data: 0.000(0.000)  max cpu mem: 2029  max gpu mem: 32824
2025-04-08 16:27:29,858 - INFO - Training Epoch: [1]  [  37/2821]  eta: 0:42:45  lr: 0.000200  loss: 0.8348 (1.2580)  time: 0.669(0.669)  data: 0.000(0.000)  max cpu mem: 2029  max gpu mem: 32824
2025-04-08 16:27:30,535 - INFO - Training Epoch: [1]  [  38/2821]  eta: 0:42:26  lr: 0.000200  loss: 0.8136 (1.2461)  time: 0.676(0.676)  data: 0.000(0.000)  max cpu mem: 2029  max gpu mem: 32824
2025-04-08 16:27:31,206 - INFO - Training Epoch: [1]  [  39/2821]  eta: 0:42:08  lr: 0.000200  loss: 0.8136 (1.2353)  time: 0.670(0.670)  data: 0.000(0.000)  max cpu mem: 2029  max gpu mem: 32824
2025-04-08 16:27:31,876 - INFO - Training Epoch: [1]  [  40/2821]  eta: 0:41:51  lr: 0.000200  loss: 0.8014 (1.2238)  time: 0.668(0.668)  data: 0.000(0.000)  max cpu mem: 2029  max gpu mem: 32824
2025-04-08 16:27:32,551 - INFO - Training Epoch: [1]  [  41/2821]  eta: 0:41:35  lr: 0.000200  loss: 0.8014 (1.2144)  time: 0.674(0.674)  data: 0.000(0.000)  max cpu mem: 2029  max gpu mem: 32824
2025-04-08 16:27:33,221 - INFO - Training Epoch: [1]  [  42/2821]  eta: 0:41:19  lr: 0.000200  loss: 0.7955 (1.2039)  time: 0.670(0.670)  data: 0.000(0.000)  max cpu mem: 2029  max gpu mem: 32824
2025-04-08 16:27:33,890 - INFO - Training Epoch: [1]  [  43/2821]  eta: 0:41:04  lr: 0.000200  loss: 0.7932 (1.1935)  time: 0.668(0.668)  data: 0.000(0.000)  max cpu mem: 2029  max gpu mem: 32824
2025-04-08 16:27:34,565 - INFO - Training Epoch: [1]  [  44/2821]  eta: 0:40:50  lr: 0.000200  loss: 0.7890 (1.1836)  time: 0.674(0.674)  data: 0.000(0.000)  max cpu mem: 2029  max gpu mem: 32824
2025-04-08 16:27:35,232 - INFO - Training Epoch: [1]  [  45/2821]  eta: 0:40:36  lr: 0.000200  loss: 0.7751 (1.1737)  time: 0.666(0.666)  data: 0.000(0.000)  max cpu mem: 2029  max gpu mem: 32824
2025-04-08 16:27:35,903 - INFO - Training Epoch: [1]  [  46/2821]  eta: 0:40:23  lr: 0.000200  loss: 0.7747 (1.1639)  time: 0.670(0.670)  data: 0.000(0.000)  max cpu mem: 2029  max gpu mem: 32824
2025-04-08 16:27:36,574 - INFO - Training Epoch: [1]  [  47/2821]  eta: 0:40:11  lr: 0.000200  loss: 0.7722 (1.1548)  time: 0.670(0.670)  data: 0.000(0.000)  max cpu mem: 2029  max gpu mem: 32824
2025-04-08 16:27:37,243 - INFO - Training Epoch: [1]  [  48/2821]  eta: 0:39:58  lr: 0.000200  loss: 0.7722 (1.1470)  time: 0.668(0.668)  data: 0.000(0.000)  max cpu mem: 2029  max gpu mem: 32824
2025-04-08 16:27:37,917 - INFO - Training Epoch: [1]  [  49/2821]  eta: 0:39:47  lr: 0.000200  loss: 0.7646 (1.1380)  time: 0.673(0.673)  data: 0.000(0.000)  max cpu mem: 2029  max gpu mem: 32824
2025-04-08 16:27:38,589 - INFO - Training Epoch: [1]  [  50/2821]  eta: 0:39:36  lr: 0.000200  loss: 0.7645 (1.1306)  time: 0.671(0.671)  data: 0.000(0.000)  max cpu mem: 2029  max gpu mem: 32824
2025-04-08 16:27:39,260 - INFO - Training Epoch: [1]  [  51/2821]  eta: 0:39:25  lr: 0.000200  loss: 0.7645 (1.1239)  time: 0.670(0.670)  data: 0.000(0.000)  max cpu mem: 2029  max gpu mem: 32824
2025-04-08 16:27:39,927 - INFO - Training Epoch: [1]  [  52/2821]  eta: 0:39:14  lr: 0.000200  loss: 0.7611 (1.1163)  time: 0.667(0.667)  data: 0.000(0.000)  max cpu mem: 2029  max gpu mem: 32824
2025-04-08 16:27:40,594 - INFO - Training Epoch: [1]  [  53/2821]  eta: 0:39:04  lr: 0.000200  loss: 0.7611 (1.1099)  time: 0.665(0.665)  data: 0.000(0.000)  max cpu mem: 2029  max gpu mem: 32824
2025-04-08 16:27:41,287 - INFO - Training Epoch: [1]  [  54/2821]  eta: 0:38:55  lr: 0.000200  loss: 0.7611 (1.1032)  time: 0.692(0.692)  data: 0.000(0.000)  max cpu mem: 2029  max gpu mem: 32824
2025-04-08 16:27:41,987 - INFO - Training Epoch: [1]  [  55/2821]  eta: 0:38:47  lr: 0.000200  loss: 0.7483 (1.0964)  time: 0.699(0.699)  data: 0.000(0.000)  max cpu mem: 2029  max gpu mem: 32824
2025-04-08 16:27:42,656 - INFO - Training Epoch: [1]  [  56/2821]  eta: 0:38:38  lr: 0.000200  loss: 0.7483 (1.0898)  time: 0.668(0.668)  data: 0.000(0.000)  max cpu mem: 2029  max gpu mem: 32824
2025-04-08 16:27:43,344 - INFO - Training Epoch: [1]  [  57/2821]  eta: 0:38:30  lr: 0.000200  loss: 0.7443 (1.0826)  time: 0.687(0.687)  data: 0.000(0.000)  max cpu mem: 2029  max gpu mem: 32824
2025-04-08 16:27:44,043 - INFO - Training Epoch: [1]  [  58/2821]  eta: 0:38:23  lr: 0.000200  loss: 0.7443 (1.0769)  time: 0.698(0.698)  data: 0.000(0.000)  max cpu mem: 2029  max gpu mem: 32824
2025-04-08 16:27:44,712 - INFO - Training Epoch: [1]  [  59/2821]  eta: 0:38:14  lr: 0.000200  loss: 0.7382 (1.0707)  time: 0.669(0.669)  data: 0.000(0.000)  max cpu mem: 2029  max gpu mem: 32824
2025-04-08 16:27:45,382 - INFO - Training Epoch: [1]  [  60/2821]  eta: 0:38:06  lr: 0.000200  loss: 0.7281 (1.0643)  time: 0.669(0.669)  data: 0.000(0.000)  max cpu mem: 2029  max gpu mem: 32824
2025-04-08 16:27:46,053 - INFO - Training Epoch: [1]  [  61/2821]  eta: 0:37:58  lr: 0.000200  loss: 0.7265 (1.0588)  time: 0.670(0.670)  data: 0.000(0.000)  max cpu mem: 2029  max gpu mem: 32824
2025-04-08 16:27:46,720 - INFO - Training Epoch: [1]  [  62/2821]  eta: 0:37:50  lr: 0.000200  loss: 0.7255 (1.0530)  time: 0.667(0.667)  data: 0.000(0.000)  max cpu mem: 2029  max gpu mem: 32824
2025-04-08 16:27:47,390 - INFO - Training Epoch: [1]  [  63/2821]  eta: 0:37:43  lr: 0.000200  loss: 0.7252 (1.0476)  time: 0.668(0.668)  data: 0.000(0.000)  max cpu mem: 2029  max gpu mem: 32824
2025-04-08 16:27:48,058 - INFO - Training Epoch: [1]  [  64/2821]  eta: 0:37:36  lr: 0.000200  loss: 0.7200 (1.0420)  time: 0.668(0.668)  data: 0.000(0.000)  max cpu mem: 2029  max gpu mem: 32824
2025-04-08 16:27:48,731 - INFO - Training Epoch: [1]  [  65/2821]  eta: 0:37:29  lr: 0.000200  loss: 0.7190 (1.0370)  time: 0.671(0.671)  data: 0.000(0.000)  max cpu mem: 2029  max gpu mem: 32824
2025-04-08 16:27:49,408 - INFO - Training Epoch: [1]  [  66/2821]  eta: 0:37:22  lr: 0.000200  loss: 0.7190 (1.0318)  time: 0.676(0.676)  data: 0.000(0.000)  max cpu mem: 2029  max gpu mem: 32824
2025-04-08 16:27:50,077 - INFO - Training Epoch: [1]  [  67/2821]  eta: 0:37:15  lr: 0.000200  loss: 0.7173 (1.0270)  time: 0.668(0.668)  data: 0.000(0.000)  max cpu mem: 2029  max gpu mem: 32824
2025-04-08 16:27:50,744 - INFO - Training Epoch: [1]  [  68/2821]  eta: 0:37:09  lr: 0.000200  loss: 0.7117 (1.0221)  time: 0.667(0.667)  data: 0.000(0.000)  max cpu mem: 2029  max gpu mem: 32824
2025-04-08 16:27:51,413 - INFO - Training Epoch: [1]  [  69/2821]  eta: 0:37:02  lr: 0.000200  loss: 0.7117 (1.0175)  time: 0.667(0.667)  data: 0.000(0.000)  max cpu mem: 2029  max gpu mem: 32824
2025-04-08 16:27:52,081 - INFO - Training Epoch: [1]  [  70/2821]  eta: 0:36:56  lr: 0.000200  loss: 0.7057 (1.0131)  time: 0.667(0.667)  data: 0.000(0.000)  max cpu mem: 2029  max gpu mem: 32824
2025-04-08 16:27:52,752 - INFO - Training Epoch: [1]  [  71/2821]  eta: 0:36:50  lr: 0.000200  loss: 0.7051 (1.0086)  time: 0.670(0.670)  data: 0.000(0.000)  max cpu mem: 2029  max gpu mem: 32824
2025-04-08 16:27:53,420 - INFO - Training Epoch: [1]  [  72/2821]  eta: 0:36:44  lr: 0.000200  loss: 0.7031 (1.0037)  time: 0.667(0.667)  data: 0.000(0.000)  max cpu mem: 2029  max gpu mem: 32824
2025-04-08 16:27:54,087 - INFO - Training Epoch: [1]  [  73/2821]  eta: 0:36:38  lr: 0.000200  loss: 0.7031 (0.9997)  time: 0.667(0.667)  data: 0.000(0.000)  max cpu mem: 2029  max gpu mem: 32824
2025-04-08 16:27:54,755 - INFO - Training Epoch: [1]  [  74/2821]  eta: 0:36:33  lr: 0.000200  loss: 0.7006 (0.9951)  time: 0.667(0.667)  data: 0.000(0.000)  max cpu mem: 2029  max gpu mem: 32824
2025-04-08 16:27:55,429 - INFO - Training Epoch: [1]  [  75/2821]  eta: 0:36:27  lr: 0.000200  loss: 0.6941 (0.9909)  time: 0.673(0.673)  data: 0.000(0.000)  max cpu mem: 2029  max gpu mem: 32824
2025-04-08 16:27:56,098 - INFO - Training Epoch: [1]  [  76/2821]  eta: 0:36:22  lr: 0.000200  loss: 0.6941 (0.9871)  time: 0.668(0.668)  data: 0.000(0.000)  max cpu mem: 2029  max gpu mem: 32824
2025-04-08 16:27:56,810 - INFO - Training Epoch: [1]  [  77/2821]  eta: 0:36:18  lr: 0.000200  loss: 0.6941 (0.9829)  time: 0.710(0.710)  data: 0.000(0.000)  max cpu mem: 2029  max gpu mem: 32824
Traceback (most recent call last):
  File "/home/alxmrs/Ocean_Emulator/src/ocean_emulators/train.py", line 904, in <module>
    main()
  File "/home/alxmrs/Ocean_Emulator/src/ocean_emulators/train.py", line 897, in main
    trainer.run()
  File "/home/alxmrs/Ocean_Emulator/src/ocean_emulators/train.py", line 448, in run
    train_stats = self.train_one_epoch(epoch)
                  ^^^^^^^^^^^^^^^^^^^^^^^^^^^
  File "/home/alxmrs/Ocean_Emulator/src/ocean_emulators/train.py", line 513, in train_one_epoch
    TO.loss.backward()
  File "/home/alxmrs/Ocean_Emulator/.venv/lib/python3.11/site-packages/torch/_tensor.py", line 522, in backward
    torch.autograd.backward(
  File "/home/alxmrs/Ocean_Emulator/.venv/lib/python3.11/site-packages/torch/autograd/__init__.py", line 266, in backward
    Variable._execution_engine.run_backward(  # Calls into the C++ engine to run the backward pass
KeyboardInterrupt
