2025-03-28 20:57:45,306 - INFO - auto backend detected CUDA
2025-03-28 20:57:45,306 - INFO - Failed to initialize distributed mode, running on single node.
Traceback (most recent call last):
  File "/home/alxmrs/Ocean_Emulator/src/ocean_emulators/backend.py", line 32, in init_train_backend
    dist_cfg = init_distributed_mode()
               ^^^^^^^^^^^^^^^^^^^^^^^
  File "/home/alxmrs/Ocean_Emulator/src/ocean_emulators/utils/distributed.py", line 99, in init_distributed_mode
    raise RuntimeError(
RuntimeError: Distributed mode requires SLURM or RANK environment variables; did you mean to use `torchrun`?
2025-03-28 20:57:45,343 - INFO - Prognostic variables: uo_0, uo_1, uo_2, uo_3, uo_4, uo_5, uo_6, uo_7, uo_8, uo_9, uo_10, uo_11, uo_12, uo_13, uo_14, uo_15, uo_16, uo_17, uo_18, vo_0, vo_1, vo_2, vo_3, vo_4, vo_5, vo_6, vo_7, vo_8, vo_9, vo_10, vo_11, vo_12, vo_13, vo_14, vo_15, vo_16, vo_17, vo_18, thetao_0, thetao_1, thetao_2, thetao_3, thetao_4, thetao_5, thetao_6, thetao_7, thetao_8, thetao_9, thetao_10, thetao_11, thetao_12, thetao_13, thetao_14, thetao_15, thetao_16, thetao_17, thetao_18, so_0, so_1, so_2, so_3, so_4, so_5, so_6, so_7, so_8, so_9, so_10, so_11, so_12, so_13, so_14, so_15, so_16, so_17, so_18, zos
2025-03-28 20:57:45,343 - INFO - Boundary variables: tauuo, tauvo, hfds, hfds_anomalies
2025-03-28 20:57:45,343 - INFO - Levels: 19
2025-03-28 20:57:45,348 - INFO - Number of inputs (prognostic + boundary): 158
2025-03-28 20:57:45,348 - INFO - Number of outputs (prognostic): 154
2025-03-28 20:57:45,348 - INFO - Loading data
2025-03-28 20:57:45,992 - INFO - areacello does not have any default metadata
2025-03-28 20:57:45,992 - INFO - dz does not have any default metadata
2025-03-28 20:57:45,992 - INFO - lev does not have any default metadata
2025-03-28 20:57:45,993 - INFO - ocean_fraction does not have any default metadata
2025-03-28 20:57:45,994 - INFO - time does not have any default metadata
2025-03-28 20:57:45,995 - INFO - mask_0 does not have any default metadata
2025-03-28 20:57:45,995 - INFO - mask_1 does not have any default metadata
2025-03-28 20:57:45,995 - INFO - mask_2 does not have any default metadata
2025-03-28 20:57:45,995 - INFO - mask_3 does not have any default metadata
2025-03-28 20:57:45,995 - INFO - mask_4 does not have any default metadata
2025-03-28 20:57:45,995 - INFO - mask_5 does not have any default metadata
2025-03-28 20:57:45,995 - INFO - mask_6 does not have any default metadata
2025-03-28 20:57:45,995 - INFO - mask_7 does not have any default metadata
2025-03-28 20:57:45,995 - INFO - mask_8 does not have any default metadata
2025-03-28 20:57:45,995 - INFO - mask_9 does not have any default metadata
2025-03-28 20:57:45,995 - INFO - mask_10 does not have any default metadata
2025-03-28 20:57:45,996 - INFO - mask_11 does not have any default metadata
2025-03-28 20:57:45,996 - INFO - mask_12 does not have any default metadata
2025-03-28 20:57:45,996 - INFO - mask_13 does not have any default metadata
2025-03-28 20:57:45,996 - INFO - mask_14 does not have any default metadata
2025-03-28 20:57:45,996 - INFO - mask_15 does not have any default metadata
2025-03-28 20:57:45,996 - INFO - mask_16 does not have any default metadata
2025-03-28 20:57:45,996 - INFO - mask_17 does not have any default metadata
2025-03-28 20:57:45,996 - INFO - mask_18 does not have any default metadata
2025-03-28 20:57:46,356 - INFO - Getting model Samudra
2025-03-28 20:57:46,356 - INFO - NOTE: Changing input channels to match data 157->158
2025-03-28 20:57:46,356 - INFO - NOTE: Changing output channels to match data 77->154
2025-03-28 20:57:47,456 - INFO - Number of parameters: 135142266
=================================================================
Layer (type:depth-idx)                   Param #
=================================================================
Samudra                                  --
├─ModuleList: 1-1                        --
│    └─ConvNeXtBlock: 2-1                --
│    │    └─Conv2d: 3-1                  31,800
│    │    └─Sequential: 3-2              4,623,912
│    └─AvgPool: 2-2                      --
│    │    └─AvgPool2d: 3-3               --
│    └─ConvNeXtBlock: 2-3                --
│    │    └─Conv2d: 3-4                  50,250
│    │    └─Sequential: 3-5              7,405,050
│    └─AvgPool: 2-4                      --
│    │    └─AvgPool2d: 3-6               --
│    └─ConvNeXtBlock: 2-5                --
│    │    └─Conv2d: 3-7                  75,300
│    │    └─Sequential: 3-8              11,556,300
│    └─AvgPool: 2-6                      --
│    │    └─AvgPool2d: 3-9               --
│    └─ConvNeXtBlock: 2-7                --
│    │    └─Conv2d: 3-10                 120,400
│    │    └─Sequential: 3-11             16,687,600
│    └─AvgPool: 2-8                      --
│    │    └─AvgPool2d: 3-12              --
│    └─ConvNeXtBlock: 2-9                --
│    │    └─Sequential: 3-13             29,450,000
│    └─BilinearUpsample: 2-10            --
│    │    └─Upsample: 3-14               --
│    └─ConvNeXtBlock: 2-11               --
│    │    └─Conv2d: 3-15                 120,300
│    │    └─Sequential: 3-16             29,289,900
│    └─BilinearUpsample: 2-12            --
│    │    └─Upsample: 3-17               --
│    └─ConvNeXtBlock: 2-13               --
│    │    └─Conv2d: 3-18                 75,250
│    │    └─Sequential: 3-19             16,507,450
│    └─BilinearUpsample: 2-14            --
│    │    └─Upsample: 3-20               --
│    └─ConvNeXtBlock: 2-15               --
│    │    └─Conv2d: 3-21                 50,200
│    │    └─Sequential: 3-22             11,456,200
│    └─BilinearUpsample: 2-16            --
│    │    └─Upsample: 3-23               --
│    └─ConvNeXtBlock: 2-17               --
│    │    └─Sequential: 3-24             7,365,000
│    └─Conv2d: 2-18                      277,354
├─Corrector: 1-2                         --
=================================================================
Total params: 135,142,266
Trainable params: 135,142,266
Non-trainable params: 0
=================================================================
2025-03-28 20:57:47,462 - INFO - =================================================================
Layer (type:depth-idx)                   Param #
=================================================================
Samudra                                  --
├─ModuleList: 1-1                        --
│    └─ConvNeXtBlock: 2-1                --
│    │    └─Conv2d: 3-1                  31,800
│    │    └─Sequential: 3-2              4,623,912
│    └─AvgPool: 2-2                      --
│    │    └─AvgPool2d: 3-3               --
│    └─ConvNeXtBlock: 2-3                --
│    │    └─Conv2d: 3-4                  50,250
│    │    └─Sequential: 3-5              7,405,050
│    └─AvgPool: 2-4                      --
│    │    └─AvgPool2d: 3-6               --
│    └─ConvNeXtBlock: 2-5                --
│    │    └─Conv2d: 3-7                  75,300
│    │    └─Sequential: 3-8              11,556,300
│    └─AvgPool: 2-6                      --
│    │    └─AvgPool2d: 3-9               --
│    └─ConvNeXtBlock: 2-7                --
│    │    └─Conv2d: 3-10                 120,400
│    │    └─Sequential: 3-11             16,687,600
│    └─AvgPool: 2-8                      --
│    │    └─AvgPool2d: 3-12              --
│    └─ConvNeXtBlock: 2-9                --
│    │    └─Sequential: 3-13             29,450,000
│    └─BilinearUpsample: 2-10            --
│    │    └─Upsample: 3-14               --
│    └─ConvNeXtBlock: 2-11               --
│    │    └─Conv2d: 3-15                 120,300
│    │    └─Sequential: 3-16             29,289,900
│    └─BilinearUpsample: 2-12            --
│    │    └─Upsample: 3-17               --
│    └─ConvNeXtBlock: 2-13               --
│    │    └─Conv2d: 3-18                 75,250
│    │    └─Sequential: 3-19             16,507,450
│    └─BilinearUpsample: 2-14            --
│    │    └─Upsample: 3-20               --
│    └─ConvNeXtBlock: 2-15               --
│    │    └─Conv2d: 3-21                 50,200
│    │    └─Sequential: 3-22             11,456,200
│    └─BilinearUpsample: 2-16            --
│    │    └─Upsample: 3-23               --
│    └─ConvNeXtBlock: 2-17               --
│    │    └─Sequential: 3-24             7,365,000
│    └─Conv2d: 2-18                      277,354
├─Corrector: 1-2                         --
=================================================================
Total params: 135,142,266
Trainable params: 135,142,266
Non-trainable params: 0
=================================================================
2025-03-28 20:57:47,464 - INFO - Using decomposed mse loss
2025-03-28 20:57:48,502 - INFO - Number of processes: 1, preferably use 8
2025-03-28 20:57:48,612 - INFO - Long rollout will use input at time 1975-01-03 12:00:00 and produce output at 1975-01-13 12:00:00
2025-03-28 20:57:48,622 - INFO - Starting training at step 4
2025-03-28 20:57:48,623 - INFO - using loader version: LoaderVersion.OM4_LAZY
2025-03-28 20:58:13,297 - INFO - Instantiating torch loaders
2025-03-28 20:58:32,777 - INFO - Training Epoch: [1]  [   0/2821]  eta: 15:15:45  lr: 0.000200  loss: 2.8905 (2.8905)  time: 19.477(19.477)  data: 12.276(12.276)  max cpu mem: 2415  max gpu mem: 32190
2025-03-28 20:58:33,439 - INFO - Training Epoch: [1]  [   1/2821]  eta: 7:53:14  lr: 0.000200  loss: 2.8905 (2.9701)  time: 0.661(0.661)  data: 0.000(0.000)  max cpu mem: 2722  max gpu mem: 32190
2025-03-28 20:58:34,097 - INFO - Training Epoch: [1]  [   2/2821]  eta: 5:25:40  lr: 0.000200  loss: 3.0496 (3.0529)  time: 0.657(0.657)  data: 0.000(0.000)  max cpu mem: 2725  max gpu mem: 32190
2025-03-28 20:58:34,751 - INFO - Training Epoch: [1]  [   3/2821]  eta: 4:11:50  lr: 0.000200  loss: 2.8905 (2.9407)  time: 0.653(0.653)  data: 0.000(0.000)  max cpu mem: 2725  max gpu mem: 32190
2025-03-28 20:58:39,125 - INFO - Training Epoch: [1]  [   4/2821]  eta: 4:02:27  lr: 0.000200  loss: 2.8905 (2.7814)  time: 4.373(4.373)  data: 3.672(3.672)  max cpu mem: 2726  max gpu mem: 32190
2025-03-28 20:58:39,785 - INFO - Training Epoch: [1]  [   5/2821]  eta: 3:27:08  lr: 0.000200  loss: 2.6041 (2.6008)  time: 0.659(0.659)  data: 0.000(0.000)  max cpu mem: 2726  max gpu mem: 32190
2025-03-28 20:58:40,445 - INFO - Training Epoch: [1]  [   6/2821]  eta: 3:01:54  lr: 0.000200  loss: 2.6041 (2.4418)  time: 0.659(0.659)  data: 0.000(0.000)  max cpu mem: 2726  max gpu mem: 32190
2025-03-28 20:58:41,112 - INFO - Training Epoch: [1]  [   7/2821]  eta: 2:43:00  lr: 0.000200  loss: 2.1440 (2.3069)  time: 0.667(0.667)  data: 0.000(0.000)  max cpu mem: 2726  max gpu mem: 32190
2025-03-28 20:58:49,103 - INFO - Training Epoch: [1]  [   8/2821]  eta: 3:06:28  lr: 0.000200  loss: 2.1440 (2.1862)  time: 7.990(7.990)  data: 7.314(7.314)  max cpu mem: 2726  max gpu mem: 32190
2025-03-28 20:58:49,757 - INFO - Training Epoch: [1]  [   9/2821]  eta: 2:50:49  lr: 0.000200  loss: 1.6983 (2.0881)  time: 0.654(0.654)  data: 0.000(0.000)  max cpu mem: 2726  max gpu mem: 32190
2025-03-28 20:58:50,413 - INFO - Training Epoch: [1]  [  10/2821]  eta: 2:38:01  lr: 0.000200  loss: 1.6983 (1.9964)  time: 0.655(0.655)  data: 0.000(0.000)  max cpu mem: 2726  max gpu mem: 32190
2025-03-28 20:58:51,071 - INFO - Training Epoch: [1]  [  11/2821]  eta: 2:27:22  lr: 0.000200  loss: 1.4878 (1.9127)  time: 0.657(0.657)  data: 0.000(0.000)  max cpu mem: 2726  max gpu mem: 32190
2025-03-28 20:59:01,923 - INFO - Training Epoch: [1]  [  12/2821]  eta: 2:55:04  lr: 0.000200  loss: 1.4878 (1.8384)  time: 10.851(10.851)  data: 10.147(10.147)  max cpu mem: 2726  max gpu mem: 32190
2025-03-28 20:59:02,582 - INFO - Training Epoch: [1]  [  13/2821]  eta: 2:44:42  lr: 0.000200  loss: 1.3626 (1.7671)  time: 0.658(0.658)  data: 0.000(0.000)  max cpu mem: 2726  max gpu mem: 32190
2025-03-28 20:59:03,237 - INFO - Training Epoch: [1]  [  14/2821]  eta: 2:35:42  lr: 0.000200  loss: 1.3626 (1.7038)  time: 0.654(0.654)  data: 0.000(0.000)  max cpu mem: 2726  max gpu mem: 32190
2025-03-28 20:59:03,893 - INFO - Training Epoch: [1]  [  15/2821]  eta: 2:27:50  lr: 0.000200  loss: 1.2201 (1.6457)  time: 0.655(0.655)  data: 0.000(0.000)  max cpu mem: 2726  max gpu mem: 32190
2025-03-28 20:59:11,881 - INFO - Training Epoch: [1]  [  16/2821]  eta: 2:41:03  lr: 0.000200  loss: 1.2201 (1.5990)  time: 7.987(7.987)  data: 7.293(7.293)  max cpu mem: 2726  max gpu mem: 32190
2025-03-28 20:59:12,533 - INFO - Training Epoch: [1]  [  17/2821]  eta: 2:33:45  lr: 0.000200  loss: 1.2055 (1.5500)  time: 0.652(0.652)  data: 0.000(0.000)  max cpu mem: 2726  max gpu mem: 32190
2025-03-28 20:59:13,185 - INFO - Training Epoch: [1]  [  18/2821]  eta: 2:27:12  lr: 0.000200  loss: 1.2055 (1.5078)  time: 0.651(0.651)  data: 0.000(0.000)  max cpu mem: 2726  max gpu mem: 32190
2025-03-28 20:59:13,842 - INFO - Training Epoch: [1]  [  19/2821]  eta: 2:21:19  lr: 0.000200  loss: 1.0791 (1.4668)  time: 0.656(0.656)  data: 0.000(0.000)  max cpu mem: 2726  max gpu mem: 32190
2025-03-28 20:59:24,119 - INFO - Training Epoch: [1]  [  20/2821]  eta: 2:37:23  lr: 0.000200  loss: 0.9928 (1.4284)  time: 10.276(10.276)  data: 9.597(9.597)  max cpu mem: 2726  max gpu mem: 32190
2025-03-28 20:59:24,776 - INFO - Training Epoch: [1]  [  21/2821]  eta: 2:31:34  lr: 0.000200  loss: 0.9457 (1.3929)  time: 0.656(0.656)  data: 0.000(0.000)  max cpu mem: 2726  max gpu mem: 32190
2025-03-28 20:59:25,434 - INFO - Training Epoch: [1]  [  22/2821]  eta: 2:26:15  lr: 0.000200  loss: 0.8522 (1.3607)  time: 0.656(0.656)  data: 0.000(0.000)  max cpu mem: 2726  max gpu mem: 32190
2025-03-28 20:59:26,090 - INFO - Training Epoch: [1]  [  23/2821]  eta: 2:21:23  lr: 0.000200  loss: 0.8407 (1.3288)  time: 0.655(0.655)  data: 0.000(0.000)  max cpu mem: 2726  max gpu mem: 32190
2025-03-28 20:59:34,246 - INFO - Training Epoch: [1]  [  24/2821]  eta: 2:30:53  lr: 0.000200  loss: 0.8179 (1.3001)  time: 8.155(8.155)  data: 7.419(7.419)  max cpu mem: 2726  max gpu mem: 32190
2025-03-28 20:59:34,904 - INFO - Training Epoch: [1]  [  25/2821]  eta: 2:26:13  lr: 0.000200  loss: 0.7730 (1.2722)  time: 0.657(0.657)  data: 0.000(0.000)  max cpu mem: 2726  max gpu mem: 32190
2025-03-28 20:59:35,563 - INFO - Training Epoch: [1]  [  26/2821]  eta: 2:21:53  lr: 0.000200  loss: 0.7476 (1.2457)  time: 0.658(0.658)  data: 0.000(0.000)  max cpu mem: 2726  max gpu mem: 32190
2025-03-28 20:59:36,222 - INFO - Training Epoch: [1]  [  27/2821]  eta: 2:17:52  lr: 0.000200  loss: 0.7175 (1.2225)  time: 0.658(0.658)  data: 0.000(0.000)  max cpu mem: 2726  max gpu mem: 32190
2025-03-28 20:59:43,551 - INFO - Training Epoch: [1]  [  28/2821]  eta: 2:24:49  lr: 0.000200  loss: 0.6873 (1.1990)  time: 7.329(7.329)  data: 6.576(6.576)  max cpu mem: 2726  max gpu mem: 32190
2025-03-28 20:59:44,596 - INFO - Training Epoch: [1]  [  29/2821]  eta: 2:21:34  lr: 0.000200  loss: 0.6609 (1.1767)  time: 1.044(1.044)  data: 0.347(0.347)  max cpu mem: 2726  max gpu mem: 32190
2025-03-28 20:59:45,262 - INFO - Training Epoch: [1]  [  30/2821]  eta: 2:17:57  lr: 0.000200  loss: 0.6510 (1.1564)  time: 0.665(0.665)  data: 0.000(0.000)  max cpu mem: 2726  max gpu mem: 32190
2025-03-28 20:59:45,929 - INFO - Training Epoch: [1]  [  31/2821]  eta: 2:14:33  lr: 0.000200  loss: 0.6483 (1.1364)  time: 0.666(0.666)  data: 0.000(0.000)  max cpu mem: 2726  max gpu mem: 32190
2025-03-28 20:59:56,757 - INFO - Training Epoch: [1]  [  32/2821]  eta: 2:25:41  lr: 0.000200  loss: 0.6112 (1.1194)  time: 10.827(10.827)  data: 10.135(10.135)  max cpu mem: 2726  max gpu mem: 32190
2025-03-28 20:59:57,412 - INFO - Training Epoch: [1]  [  33/2821]  eta: 2:22:14  lr: 0.000200  loss: 0.5966 (1.1008)  time: 0.654(0.654)  data: 0.000(0.000)  max cpu mem: 2726  max gpu mem: 32190
2025-03-28 20:59:58,064 - INFO - Training Epoch: [1]  [  34/2821]  eta: 2:18:59  lr: 0.000200  loss: 0.5962 (1.0827)  time: 0.650(0.650)  data: 0.000(0.000)  max cpu mem: 2726  max gpu mem: 32190
2025-03-28 20:59:58,724 - INFO - Training Epoch: [1]  [  35/2821]  eta: 2:15:56  lr: 0.000200  loss: 0.5767 (1.0665)  time: 0.660(0.660)  data: 0.000(0.000)  max cpu mem: 2726  max gpu mem: 32190
2025-03-28 21:00:06,739 - INFO - Training Epoch: [1]  [  36/2821]  eta: 2:22:16  lr: 0.000200  loss: 0.5754 (1.0503)  time: 8.015(8.015)  data: 7.302(7.302)  max cpu mem: 2726  max gpu mem: 32190
2025-03-28 21:00:07,402 - INFO - Training Epoch: [1]  [  37/2821]  eta: 2:19:17  lr: 0.000200  loss: 0.5549 (1.0354)  time: 0.662(0.662)  data: 0.000(0.000)  max cpu mem: 2726  max gpu mem: 32190
2025-03-28 21:00:08,058 - INFO - Training Epoch: [1]  [  38/2821]  eta: 2:16:26  lr: 0.000200  loss: 0.5460 (1.0221)  time: 0.655(0.655)  data: 0.000(0.000)  max cpu mem: 2726  max gpu mem: 32190
2025-03-28 21:00:08,719 - INFO - Training Epoch: [1]  [  39/2821]  eta: 2:13:45  lr: 0.000200  loss: 0.5406 (1.0100)  time: 0.661(0.661)  data: 0.000(0.000)  max cpu mem: 2726  max gpu mem: 32190
2025-03-28 21:00:18,860 - INFO - Training Epoch: [1]  [  40/2821]  eta: 2:21:54  lr: 0.000200  loss: 0.5377 (0.9971)  time: 10.140(10.140)  data: 9.435(9.435)  max cpu mem: 2726  max gpu mem: 32190
2025-03-28 21:00:19,518 - INFO - Training Epoch: [1]  [  41/2821]  eta: 2:19:12  lr: 0.000200  loss: 0.5377 (0.9865)  time: 0.658(0.658)  data: 0.000(0.000)  max cpu mem: 2726  max gpu mem: 32190
2025-03-28 21:00:20,172 - INFO - Training Epoch: [1]  [  42/2821]  eta: 2:16:37  lr: 0.000200  loss: 0.5313 (0.9748)  time: 0.653(0.653)  data: 0.000(0.000)  max cpu mem: 2726  max gpu mem: 32190
2025-03-28 21:00:20,829 - INFO - Training Epoch: [1]  [  43/2821]  eta: 2:14:09  lr: 0.000200  loss: 0.5170 (0.9632)  time: 0.656(0.656)  data: 0.000(0.000)  max cpu mem: 2726  max gpu mem: 32190
2025-03-28 21:00:28,754 - INFO - Training Epoch: [1]  [  44/2821]  eta: 2:19:16  lr: 0.000200  loss: 0.5160 (0.9521)  time: 7.924(7.924)  data: 7.185(7.185)  max cpu mem: 2726  max gpu mem: 32190
2025-03-28 21:00:29,451 - INFO - Training Epoch: [1]  [  45/2821]  eta: 2:16:54  lr: 0.000200  loss: 0.4997 (0.9412)  time: 0.696(0.696)  data: 0.000(0.000)  max cpu mem: 2726  max gpu mem: 32190
2025-03-28 21:00:30,145 - INFO - Training Epoch: [1]  [  46/2821]  eta: 2:14:37  lr: 0.000200  loss: 0.4882 (0.9304)  time: 0.693(0.693)  data: 0.000(0.000)  max cpu mem: 2726  max gpu mem: 32190
2025-03-28 21:00:30,845 - INFO - Training Epoch: [1]  [  47/2821]  eta: 2:12:26  lr: 0.000200  loss: 0.4838 (0.9201)  time: 0.699(0.699)  data: 0.000(0.000)  max cpu mem: 2726  max gpu mem: 32190
